This is pdfTeX, Version 3.14159265-2.6-1.40.18 (TeX Live 2017/Debian) (preloaded format=pdflatex 2019.7.30)  25 AUG 2020 09:43
entering extended mode
 restricted \write18 enabled.
 %&-line parsing enabled.
**thesis.tex
(./thesis.tex
LaTeX2e <2017-04-15>
Babel <3.18> and hyphenation patterns for 3 language(s) loaded.
(/usr/share/texlive/texmf-dist/tex/latex/base/report.cls
Document Class: report 2014/09/29 v1.4h Standard LaTeX document class
(/usr/share/texlive/texmf-dist/tex/latex/base/size12.clo
File: size12.clo 2014/09/29 v1.4h Standard LaTeX file (size option)
)
\c@part=\count79
\c@chapter=\count80
\c@section=\count81
\c@subsection=\count82
\c@subsubsection=\count83
\c@paragraph=\count84
\c@subparagraph=\count85
\c@figure=\count86
\c@table=\count87
\abovecaptionskip=\skip41
\belowcaptionskip=\skip42
\bibindent=\dimen102
)
(/usr/share/texlive/texmf-dist/tex/latex/setspace/setspace.sty
Package: setspace 2011/12/19 v6.7a set line spacing
)
(/usr/share/texlive/texmf-dist/tex/latex/geometry/geometry.sty
Package: geometry 2010/09/12 v5.6 Page Geometry

(/usr/share/texlive/texmf-dist/tex/latex/graphics/keyval.sty
Package: keyval 2014/10/28 v1.15 key=value parser (DPC)
\KV@toks@=\toks14
)
(/usr/share/texlive/texmf-dist/tex/generic/oberdiek/ifpdf.sty
Package: ifpdf 2017/03/15 v3.2 Provides the ifpdf switch
)
(/usr/share/texlive/texmf-dist/tex/generic/oberdiek/ifvtex.sty
Package: ifvtex 2016/05/16 v1.6 Detect VTeX and its facilities (HO)
Package ifvtex Info: VTeX not detected.
)
(/usr/share/texlive/texmf-dist/tex/generic/ifxetex/ifxetex.sty
Package: ifxetex 2010/09/12 v0.6 Provides ifxetex conditional
)
\Gm@cnth=\count88
\Gm@cntv=\count89
\c@Gm@tempcnt=\count90
\Gm@bindingoffset=\dimen103
\Gm@wd@mp=\dimen104
\Gm@odd@mp=\dimen105
\Gm@even@mp=\dimen106
\Gm@layoutwidth=\dimen107
\Gm@layoutheight=\dimen108
\Gm@layouthoffset=\dimen109
\Gm@layoutvoffset=\dimen110
\Gm@dimlist=\toks15
)
(./aas_macros.sty) (/usr/share/texlive/texmf-dist/tex/latex/amsmath/amsmath.sty
Package: amsmath 2017/09/02 v2.17a AMS math features
\@mathmargin=\skip43
For additional information on amsmath, use the `?' option.
(/usr/share/texlive/texmf-dist/tex/latex/amsmath/amstext.sty
Package: amstext 2000/06/29 v2.01 AMS text

(/usr/share/texlive/texmf-dist/tex/latex/amsmath/amsgen.sty
File: amsgen.sty 1999/11/30 v2.0 generic functions
\@emptytoks=\toks16
\ex@=\dimen111
))
(/usr/share/texlive/texmf-dist/tex/latex/amsmath/amsbsy.sty
Package: amsbsy 1999/11/29 v1.2d Bold Symbols
\pmbraise@=\dimen112
)
(/usr/share/texlive/texmf-dist/tex/latex/amsmath/amsopn.sty
Package: amsopn 2016/03/08 v2.02 operator names
)
\inf@bad=\count91
LaTeX Info: Redefining \frac on input line 213.
\uproot@=\count92
\leftroot@=\count93
LaTeX Info: Redefining \overline on input line 375.
\classnum@=\count94
\DOTSCASE@=\count95
LaTeX Info: Redefining \ldots on input line 472.
LaTeX Info: Redefining \dots on input line 475.
LaTeX Info: Redefining \cdots on input line 596.
\Mathstrutbox@=\box26
\strutbox@=\box27
\big@size=\dimen113
LaTeX Font Info:    Redeclaring font encoding OML on input line 712.
LaTeX Font Info:    Redeclaring font encoding OMS on input line 713.
\macc@depth=\count96
\c@MaxMatrixCols=\count97
\dotsspace@=\muskip10
\c@parentequation=\count98
\dspbrk@lvl=\count99
\tag@help=\toks17
\row@=\count100
\column@=\count101
\maxfields@=\count102
\andhelp@=\toks18
\eqnshift@=\dimen114
\alignsep@=\dimen115
\tagshift@=\dimen116
\tagwidth@=\dimen117
\totwidth@=\dimen118
\lineht@=\dimen119
\@envbody=\toks19
\multlinegap=\skip44
\multlinetaggap=\skip45
\mathdisplay@stack=\toks20
LaTeX Info: Redefining \[ on input line 2817.
LaTeX Info: Redefining \] on input line 2818.
)
(/usr/share/texlive/texmf-dist/tex/latex/amsfonts/amssymb.sty
Package: amssymb 2013/01/14 v3.01 AMS font symbols

(/usr/share/texlive/texmf-dist/tex/latex/amsfonts/amsfonts.sty
Package: amsfonts 2013/01/14 v3.01 Basic AMSFonts support
\symAMSa=\mathgroup4
\symAMSb=\mathgroup5
LaTeX Font Info:    Overwriting math alphabet `\mathfrak' in version `bold'
(Font)                  U/euf/m/n --> U/euf/b/n on input line 106.
))
(/usr/share/texlive/texmf-dist/tex/latex/graphics/graphicx.sty
Package: graphicx 2017/06/01 v1.1a Enhanced LaTeX Graphics (DPC,SPQR)

(/usr/share/texlive/texmf-dist/tex/latex/graphics/graphics.sty
Package: graphics 2017/06/25 v1.2c Standard LaTeX Graphics (DPC,SPQR)

(/usr/share/texlive/texmf-dist/tex/latex/graphics/trig.sty
Package: trig 2016/01/03 v1.10 sin cos tan (DPC)
)
(/usr/share/texlive/texmf-dist/tex/latex/graphics-cfg/graphics.cfg
File: graphics.cfg 2016/06/04 v1.11 sample graphics configuration
)
Package graphics Info: Driver file: pdftex.def on input line 99.

(/usr/share/texlive/texmf-dist/tex/latex/graphics-def/pdftex.def
File: pdftex.def 2018/01/08 v1.0l Graphics/color driver for pdftex
))
\Gin@req@height=\dimen120
\Gin@req@width=\dimen121
)
(/usr/share/texlive/texmf-dist/tex/latex/natbib/natbib.sty
Package: natbib 2010/09/13 8.31b (PWD, AO)
\bibhang=\skip46
\bibsep=\skip47
LaTeX Info: Redefining \cite on input line 694.
\c@NAT@ctr=\count103
)
(/usr/share/texlive/texmf-dist/tex/latex/tools/enumerate.sty
Package: enumerate 2015/07/23 v3.00 enumerate extensions (DPC)
\@enLab=\toks21
)
(/usr/share/texlive/texmf-dist/tex/latex/relsize/relsize.sty
Package: relsize 2013/03/29 ver 4.1
)
(/usr/share/texlive/texmf-dist/tex/latex/float/float.sty
Package: float 2001/11/08 v1.3d Float enhancements (AL)
\c@float@type=\count104
\float@exts=\toks22
\float@box=\box28
\@float@everytoks=\toks23
\@floatcapt=\box29
)
(/usr/share/texlive/texmf-dist/tex/latex/titlesec/titlesec.sty
Package: titlesec 2016/03/21 v2.10.2 Sectioning titles
\ttl@box=\box30
\beforetitleunit=\skip48
\aftertitleunit=\skip49
\ttl@plus=\dimen122
\ttl@minus=\dimen123
\ttl@toksa=\toks24
\titlewidth=\dimen124
\titlewidthlast=\dimen125
\titlewidthfirst=\dimen126
)
(/usr/share/texlive/texmf-dist/tex/latex/comment/comment.sty
\CommentStream=\write3

Excluding comment 'comment')
(/usr/share/texlive/texmf-dist/tex/latex/threeparttable/threeparttable.sty
Package: threeparttable 2003/06/13  v 3.0
\@tempboxb=\box31
)
(/usr/share/texlive/texmf-dist/tex/latex/booktabs/booktabs.sty
Package: booktabs 2016/04/27 v1.618033 publication quality tables
\heavyrulewidth=\dimen127
\lightrulewidth=\dimen128
\cmidrulewidth=\dimen129
\belowrulesep=\dimen130
\belowbottomsep=\dimen131
\aboverulesep=\dimen132
\abovetopsep=\dimen133
\cmidrulesep=\dimen134
\cmidrulekern=\dimen135
\defaultaddspace=\dimen136
\@cmidla=\count105
\@cmidlb=\count106
\@aboverulesep=\dimen137
\@belowrulesep=\dimen138
\@thisruleclass=\count107
\@lastruleclass=\count108
\@thisrulewidth=\dimen139
)
(/usr/share/texlive/texmf-dist/tex/latex/hyperref/hyperref.sty
Package: hyperref 2018/02/06 v6.86b Hypertext links for LaTeX

(/usr/share/texlive/texmf-dist/tex/generic/oberdiek/hobsub-hyperref.sty
Package: hobsub-hyperref 2016/05/16 v1.14 Bundle oberdiek, subset hyperref (HO)


(/usr/share/texlive/texmf-dist/tex/generic/oberdiek/hobsub-generic.sty
Package: hobsub-generic 2016/05/16 v1.14 Bundle oberdiek, subset generic (HO)
Package: hobsub 2016/05/16 v1.14 Construct package bundles (HO)
Package: infwarerr 2016/05/16 v1.4 Providing info/warning/error messages (HO)
Package: ltxcmds 2016/05/16 v1.23 LaTeX kernel commands for general use (HO)
Package: ifluatex 2016/05/16 v1.4 Provides the ifluatex switch (HO)
Package ifluatex Info: LuaTeX not detected.
Package hobsub Info: Skipping package `ifvtex' (already loaded).
Package: intcalc 2016/05/16 v1.2 Expandable calculations with integers (HO)
Package hobsub Info: Skipping package `ifpdf' (already loaded).
Package: etexcmds 2016/05/16 v1.6 Avoid name clashes with e-TeX commands (HO)
Package etexcmds Info: Could not find \expanded.
(etexcmds)             That can mean that you are not using pdfTeX 1.50 or
(etexcmds)             that some package has redefined \expanded.
(etexcmds)             In the latter case, load this package earlier.
Package: kvsetkeys 2016/05/16 v1.17 Key value parser (HO)
Package: kvdefinekeys 2016/05/16 v1.4 Define keys (HO)
Package: pdftexcmds 2018/01/21 v0.26 Utility functions of pdfTeX for LuaTeX (HO
)
Package pdftexcmds Info: LuaTeX not detected.
Package pdftexcmds Info: \pdf@primitive is available.
Package pdftexcmds Info: \pdf@ifprimitive is available.
Package pdftexcmds Info: \pdfdraftmode found.
Package: pdfescape 2016/05/16 v1.14 Implements pdfTeX's escape features (HO)
Package: bigintcalc 2016/05/16 v1.4 Expandable calculations on big integers (HO
)
Package: bitset 2016/05/16 v1.2 Handle bit-vector datatype (HO)
Package: uniquecounter 2016/05/16 v1.3 Provide unlimited unique counter (HO)
)
Package hobsub Info: Skipping package `hobsub' (already loaded).
Package: letltxmacro 2016/05/16 v1.5 Let assignment for LaTeX macros (HO)
Package: hopatch 2016/05/16 v1.3 Wrapper for package hooks (HO)
Package: xcolor-patch 2016/05/16 xcolor patch
Package: atveryend 2016/05/16 v1.9 Hooks at the very end of document (HO)
Package atveryend Info: \enddocument detected (standard20110627).
Package: atbegshi 2016/06/09 v1.18 At begin shipout hook (HO)
Package: refcount 2016/05/16 v3.5 Data extraction from label references (HO)
Package: hycolor 2016/05/16 v1.8 Color options for hyperref/bookmark (HO)
)
(/usr/share/texlive/texmf-dist/tex/latex/oberdiek/auxhook.sty
Package: auxhook 2016/05/16 v1.4 Hooks for auxiliary files (HO)
)
(/usr/share/texlive/texmf-dist/tex/latex/oberdiek/kvoptions.sty
Package: kvoptions 2016/05/16 v3.12 Key value format for package options (HO)
)
\@linkdim=\dimen140
\Hy@linkcounter=\count109
\Hy@pagecounter=\count110

(/usr/share/texlive/texmf-dist/tex/latex/hyperref/pd1enc.def
File: pd1enc.def 2018/02/06 v6.86b Hyperref: PDFDocEncoding definition (HO)
)
\Hy@SavedSpaceFactor=\count111

(/usr/share/texlive/texmf-dist/tex/latex/latexconfig/hyperref.cfg
File: hyperref.cfg 2002/06/06 v1.2 hyperref configuration of TeXLive
)
Package hyperref Info: Hyper figures OFF on input line 4509.
Package hyperref Info: Link nesting OFF on input line 4514.
Package hyperref Info: Hyper index ON on input line 4517.
Package hyperref Info: Plain pages OFF on input line 4524.
Package hyperref Info: Backreferencing OFF on input line 4529.
Package hyperref Info: Implicit mode ON; LaTeX internals redefined.
Package hyperref Info: Bookmarks ON on input line 4762.
\c@Hy@tempcnt=\count112

(/usr/share/texlive/texmf-dist/tex/latex/url/url.sty
\Urlmuskip=\muskip11
Package: url 2013/09/16  ver 3.4  Verb mode for urls, etc.
)
LaTeX Info: Redefining \url on input line 5115.
\XeTeXLinkMargin=\dimen141
\Fld@menulength=\count113
\Field@Width=\dimen142
\Fld@charsize=\dimen143
Package hyperref Info: Hyper figures OFF on input line 6369.
Package hyperref Info: Link nesting OFF on input line 6374.
Package hyperref Info: Hyper index ON on input line 6377.
Package hyperref Info: backreferencing OFF on input line 6384.
Package hyperref Info: Link coloring OFF on input line 6389.
Package hyperref Info: Link coloring with OCG OFF on input line 6394.
Package hyperref Info: PDF/A mode OFF on input line 6399.
LaTeX Info: Redefining \ref on input line 6439.
LaTeX Info: Redefining \pageref on input line 6443.
\Hy@abspage=\count114
\c@Item=\count115
\c@Hfootnote=\count116
)
Package hyperref Info: Driver (autodetected): hpdftex.

(/usr/share/texlive/texmf-dist/tex/latex/hyperref/hpdftex.def
File: hpdftex.def 2018/02/06 v6.86b Hyperref driver for pdfTeX
\Fld@listcount=\count117
\c@bookmark@seq@number=\count118

(/usr/share/texlive/texmf-dist/tex/latex/oberdiek/rerunfilecheck.sty
Package: rerunfilecheck 2016/05/16 v1.8 Rerun checks for auxiliary files (HO)
Package uniquecounter Info: New unique counter `rerunfilecheck' on input line 2
82.
)
\Hy@SectionHShift=\skip50
)
(/usr/share/texlive/texmf-dist/tex/latex/tools/xspace.sty
Package: xspace 2014/10/28 v1.13 Space after command names (DPC,MH)
)
(/usr/share/texlive/texmf-dist/tex/latex/xcolor/xcolor.sty
Package: xcolor 2016/05/11 v2.12 LaTeX color extensions (UK)

(/usr/share/texlive/texmf-dist/tex/latex/graphics-cfg/color.cfg
File: color.cfg 2016/01/02 v1.6 sample color configuration
)
Package xcolor Info: Driver file: pdftex.def on input line 225.
Package xcolor Info: Model `cmy' substituted by `cmy0' on input line 1348.
Package xcolor Info: Model `hsb' substituted by `rgb' on input line 1352.
Package xcolor Info: Model `RGB' extended on input line 1364.
Package xcolor Info: Model `HTML' substituted by `rgb' on input line 1366.
Package xcolor Info: Model `Hsb' substituted by `hsb' on input line 1367.
Package xcolor Info: Model `tHsb' substituted by `hsb' on input line 1368.
Package xcolor Info: Model `HSB' substituted by `hsb' on input line 1369.
Package xcolor Info: Model `Gray' substituted by `gray' on input line 1370.
Package xcolor Info: Model `wave' substituted by `hsb' on input line 1371.
)
(/usr/share/texlive/texmf-dist/tex/latex/tools/longtable.sty
Package: longtable 2014/10/28 v4.11 Multi-page Table package (DPC)
\LTleft=\skip51
\LTright=\skip52
\LTpre=\skip53
\LTpost=\skip54
\LTchunksize=\count119
\LTcapwidth=\dimen144
\LT@head=\box32
\LT@firsthead=\box33
\LT@foot=\box34
\LT@lastfoot=\box35
\LT@cols=\count120
\LT@rows=\count121
\c@LT@tables=\count122
\c@LT@chunks=\count123
\LT@p@ftn=\toks25
)
(/usr/share/texlive/texmf-dist/tex/latex/tools/bm.sty
Package: bm 2017/01/16 v1.2c Bold Symbol Support (DPC/FMi)
\symboldoperators=\mathgroup6
\symboldletters=\mathgroup7
\symboldsymbols=\mathgroup8
LaTeX Font Info:    Redeclaring math alphabet \mathbf on input line 141.
LaTeX Info: Redefining \bm on input line 207.
)
(/usr/share/texlive/texmf-dist/tex/latex/subfig/subfig.sty
Package: subfig 2005/06/28 ver: 1.3 subfig package

(/usr/share/texlive/texmf-dist/tex/latex/caption/caption.sty
Package: caption 2016/02/21 v3.3-144 Customizing captions (AR)

(/usr/share/texlive/texmf-dist/tex/latex/caption/caption3.sty
Package: caption3 2016/05/22 v1.7-166 caption3 kernel (AR)
Package caption3 Info: TeX engine: e-TeX on input line 67.
\captionmargin=\dimen145
\captionmargin@=\dimen146
\captionwidth=\dimen147
\caption@tempdima=\dimen148
\caption@indent=\dimen149
\caption@parindent=\dimen150
\caption@hangindent=\dimen151
)
\c@ContinuedFloat=\count124
Package caption Info: float package is loaded.
Package caption Info: hyperref package is loaded.
Package caption Info: longtable package is loaded.

(/usr/share/texlive/texmf-dist/tex/latex/caption/ltcaption.sty
Package: ltcaption 2013/06/09 v1.4-94 longtable captions (AR)
)
Package caption Info: threeparttable package is loaded.
)
\c@KVtest=\count125
\sf@farskip=\skip55
\sf@captopadj=\dimen152
\sf@capskip=\skip56
\sf@nearskip=\skip57
\c@subfigure=\count126
\c@subfigure@save=\count127
\c@lofdepth=\count128
\c@subtable=\count129
\c@subtable@save=\count130
\c@lotdepth=\count131
\sf@top=\skip58
\sf@bottom=\skip59
)
(/usr/share/texlive/texmf-dist/tex/latex/soul/soul.sty
Package: soul 2003/11/17 v2.4 letterspacing/underlining (mf)
\SOUL@word=\toks26
\SOUL@lasttoken=\toks27
\SOUL@cmds=\toks28
\SOUL@buffer=\toks29
\SOUL@token=\toks30
\SOUL@spaceskip=\skip60
\SOUL@ttwidth=\dimen153
\SOUL@uldp=\dimen154
\SOUL@ulht=\dimen155
)
(/usr/share/texlive/texmf-dist/tex/latex/tools/array.sty
Package: array 2016/10/06 v2.4d Tabular extension package (FMi)
\col@sep=\dimen156
\extrarowheight=\dimen157
\NC@list=\toks31
\extratabsurround=\skip61
\backup@length=\skip62
)
(/usr/share/texlive/texmf-dist/tex/latex/multirow/multirow.sty
Package: multirow 2016/11/25 v2.2 Span multiple rows of a table
\multirow@colwidth=\skip63
\multirow@cntb=\count132
\multirow@dima=\skip64
\bigstrutjot=\dimen158
)
(/usr/share/texlive/texmf-dist/tex/latex/glossaries/base/glossaries.sty
Package: glossaries 2017/11/14 v4.35 (NLCT)

(/usr/share/texlive/texmf-dist/tex/latex/base/ifthen.sty
Package: ifthen 2014/09/29 v1.1c Standard LaTeX ifthen package (DPC)
)
(/usr/share/texlive/texmf-dist/tex/latex/xkeyval/xkeyval.sty
Package: xkeyval 2014/12/03 v2.7a package option processing (HA)

(/usr/share/texlive/texmf-dist/tex/generic/xkeyval/xkeyval.tex
(/usr/share/texlive/texmf-dist/tex/generic/xkeyval/xkvutils.tex
\XKV@toks=\toks32
\XKV@tempa@toks=\toks33
)
\XKV@depth=\count133
File: xkeyval.tex 2014/12/03 v2.7a key=value parser (HA)
))
(/usr/share/texlive/texmf-dist/tex/latex/mfirstuc/mfirstuc.sty
Package: mfirstuc 2017/11/14 v2.06 (NLCT)

(/usr/share/texlive/texmf-dist/tex/latex/etoolbox/etoolbox.sty
Package: etoolbox 2018/02/11 v2.5e e-TeX tools for LaTeX (JAW)
\etb@tempcnta=\count134
)
\@glsmfirst=\toks34
\@glsmrest=\toks35
)
(/usr/share/texlive/texmf-dist/tex/latex/textcase/textcase.sty
Package: textcase 2004/10/07 v0.07 Text only upper/lower case changing (DPC)
)
(/usr/share/texlive/texmf-dist/tex/latex/xfor/xfor.sty
Package: xfor 2009/02/05 v1.05 (NLCT)
)
(/usr/share/texlive/texmf-dist/tex/latex/datatool/datatool-base.sty
Package: datatool-base 2017/11/12 v2.29 (NLCT)

(/usr/share/texlive/texmf-dist/tex/latex/substr/substr.sty
Package: substr 2009/10/20 v1.2 Handle substrings
\c@su@anzahl=\count135
)
(/usr/share/texlive/texmf-dist/tex/latex/datatool/datatool-fp.sty
Package: datatool-fp 2017/11/12 v2.29 (NLCT)

(/usr/share/texlive/texmf-dist/tex/latex/fp/fp.sty
Package: fp 1995/04/02

`Fixed Point Package', Version 0.8, April 2, 1995 (C) Michael Mehlich
(/usr/share/texlive/texmf-dist/tex/latex/fp/defpattern.sty
Package: defpattern 1994/10/12
\actioncount=\count136
)
(/usr/share/texlive/texmf-dist/tex/latex/fp/fp-basic.sty
Package: fp-basic 1996/05/13
\FP@xs=\count137
\FP@xia=\count138
\FP@xib=\count139
\FP@xfa=\count140
\FP@xfb=\count141
\FP@rega=\count142
\FP@regb=\count143
\FP@regs=\count144
\FP@times=\count145
)
(/usr/share/texlive/texmf-dist/tex/latex/fp/fp-addons.sty
Package: fp-addons 1995/03/15
)
(/usr/share/texlive/texmf-dist/tex/latex/fp/fp-snap.sty
Package: fp-snap 1995/04/05
)
(/usr/share/texlive/texmf-dist/tex/latex/fp/fp-exp.sty
Package: fp-exp 1995/04/03
)
(/usr/share/texlive/texmf-dist/tex/latex/fp/fp-trigo.sty
Package: fp-trigo 1995/04/14
)
(/usr/share/texlive/texmf-dist/tex/latex/fp/fp-pas.sty
Package: fp-pas 1994/08/29
)
(/usr/share/texlive/texmf-dist/tex/latex/fp/fp-random.sty
Package: fp-random 1995/02/23
\FPseed=\count146
)
(/usr/share/texlive/texmf-dist/tex/latex/fp/fp-eqn.sty
Package: fp-eqn 1995/04/03
)
(/usr/share/texlive/texmf-dist/tex/latex/fp/fp-upn.sty
Package: fp-upn 1996/10/21
)
(/usr/share/texlive/texmf-dist/tex/latex/fp/fp-eval.sty
Package: fp-eval 1995/04/03
)))
\@dtl@toks=\toks36
\@dtl@tmpcount=\count147
\dtl@tmplength=\skip65
\dtl@sortresult=\count148
\@dtl@numgrpsepcount=\count149
\@dtl@datatype=\count150
\dtl@codeA=\count151
\dtl@codeB=\count152
\@dtl@foreach@level=\count153
)
(/usr/share/texlive/texmf-dist/tex/latex/glossaries/base/glossaries-compatible-
307.sty
Package: glossaries-compatible-307 2017/11/14 v4.35 (NLCT)
)
\gls@level=\count154
\@gls@tmpb=\toks37
\gls@tmplen=\skip66
\glskeylisttok=\toks38
\glslabeltok=\toks39
\glsshorttok=\toks40
\glslongtok=\toks41

(/usr/share/texlive/texmf-dist/tex/latex/glossaries/styles/glossary-hypernav.st
y
Package: glossary-hypernav 2017/11/14 v4.35 (NLCT)
) (/usr/share/texlive/texmf-dist/tex/latex/glossaries/styles/glossary-list.sty
Package: glossary-list 2017/11/14 v4.35 (NLCT)
\glslistdottedwidth=\skip67
) (/usr/share/texlive/texmf-dist/tex/latex/glossaries/styles/glossary-long.sty
Package: glossary-long 2017/11/14 v4.35 (NLCT)
\glsdescwidth=\skip68
\glspagelistwidth=\skip69
) (/usr/share/texlive/texmf-dist/tex/latex/glossaries/styles/glossary-super.sty
Package: glossary-super 2017/11/14 v4.35 (NLCT)

(/usr/share/texlive/texmf-dist/tex/latex/supertabular/supertabular.sty
Package: supertabular 2004/02/20 v4.1e the supertabular environment
\c@tracingst=\count155
\ST@wd=\dimen159
\ST@rightskip=\skip70
\ST@leftskip=\skip71
\ST@parfillskip=\skip72
\ST@pageleft=\dimen160
\ST@headht=\dimen161
\ST@tailht=\dimen162
\ST@pagesofar=\dimen163
\ST@pboxht=\dimen164
\ST@lineht=\dimen165
\ST@stretchht=\dimen166
\ST@prevht=\dimen167
\ST@toadd=\dimen168
\ST@dimen=\dimen169
\ST@pbox=\box36
))
(/usr/share/texlive/texmf-dist/tex/latex/glossaries/styles/glossary-tree.sty
Package: glossary-tree 2017/11/14 v4.35 (NLCT)
\glstreeindent=\skip73
))
(./Chapters/Other/acronyms.tex) (./thesis.aux)
\openout1 = `thesis.aux'.

LaTeX Font Info:    Checking defaults for OML/cmm/m/it on input line 87.
LaTeX Font Info:    ... okay on input line 87.
LaTeX Font Info:    Checking defaults for T1/cmr/m/n on input line 87.
LaTeX Font Info:    ... okay on input line 87.
LaTeX Font Info:    Checking defaults for OT1/cmr/m/n on input line 87.
LaTeX Font Info:    ... okay on input line 87.
LaTeX Font Info:    Checking defaults for OMS/cmsy/m/n on input line 87.
LaTeX Font Info:    ... okay on input line 87.
LaTeX Font Info:    Checking defaults for OMX/cmex/m/n on input line 87.
LaTeX Font Info:    ... okay on input line 87.
LaTeX Font Info:    Checking defaults for U/cmr/m/n on input line 87.
LaTeX Font Info:    ... okay on input line 87.
LaTeX Font Info:    Checking defaults for PD1/pdf/m/n on input line 87.
LaTeX Font Info:    ... okay on input line 87.

*geometry* driver: auto-detecting
*geometry* detected driver: pdftex
*geometry* verbose mode - [ preamble ] result:
* driver: pdftex
* paper: a4paper
* layout: <same size as paper>
* layoutoffset:(h,v)=(0.0pt,0.0pt)
* modes: 
* h-part:(L,W,R)=(85.35826pt, 426.79135pt, 85.35826pt)
* v-part:(T,H,B)=(85.35826pt, 674.33032pt, 85.35826pt)
* \paperwidth=597.50787pt
* \paperheight=845.04684pt
* \textwidth=426.79135pt
* \textheight=674.33032pt
* \oddsidemargin=13.08827pt
* \evensidemargin=13.08827pt
* \topmargin=-23.91173pt
* \headheight=12.0pt
* \headsep=25.0pt
* \topskip=12.0pt
* \footskip=30.0pt
* \marginparwidth=35.0pt
* \marginparsep=10.0pt
* \columnsep=10.0pt
* \skip\footins=10.8pt plus 4.0pt minus 2.0pt
* \hoffset=0.0pt
* \voffset=0.0pt
* \mag=1000
* \@twocolumnfalse
* \@twosidefalse
* \@mparswitchfalse
* \@reversemarginfalse
* (1in=72.27pt=25.4mm, 1cm=28.453pt)

(/usr/share/texlive/texmf-dist/tex/context/base/mkii/supp-pdf.mkii
[Loading MPS to PDF converter (version 2006.09.02).]
\scratchcounter=\count156
\scratchdimen=\dimen170
\scratchbox=\box37
\nofMPsegments=\count157
\nofMParguments=\count158
\everyMPshowfont=\toks42
\MPscratchCnt=\count159
\MPscratchDim=\dimen171
\MPnumerator=\count160
\makeMPintoPDFobject=\count161
\everyMPtoPDFconversion=\toks43
) (/usr/share/texlive/texmf-dist/tex/latex/oberdiek/epstopdf-base.sty
Package: epstopdf-base 2016/05/15 v2.6 Base part for package epstopdf

(/usr/share/texlive/texmf-dist/tex/latex/oberdiek/grfext.sty
Package: grfext 2016/05/16 v1.2 Manage graphics extensions (HO)
)
Package epstopdf-base Info: Redefining graphics rule for `.eps' on input line 4
38.
Package grfext Info: Graphics extension search list:
(grfext)             [.pdf,.png,.jpg,.mps,.jpeg,.jbig2,.jb2,.PDF,.PNG,.JPG,.JPE
G,.JBIG2,.JB2,.eps]
(grfext)             \AppendGraphicsExtensions on input line 456.

(/usr/share/texlive/texmf-dist/tex/latex/latexconfig/epstopdf-sys.cfg
File: epstopdf-sys.cfg 2010/07/13 v1.3 Configuration of (r)epstopdf for TeX Liv
e
))
\AtBeginShipoutBox=\box38
Package hyperref Info: Link coloring OFF on input line 87.

(/usr/share/texlive/texmf-dist/tex/latex/hyperref/nameref.sty
Package: nameref 2016/05/21 v2.44 Cross-referencing by name of section

(/usr/share/texlive/texmf-dist/tex/generic/oberdiek/gettitlestring.sty
Package: gettitlestring 2016/05/16 v1.5 Cleanup title references (HO)
)
\c@section@level=\count162
)
LaTeX Info: Redefining \ref on input line 87.
LaTeX Info: Redefining \pageref on input line 87.
LaTeX Info: Redefining \nameref on input line 87.

(./thesis.out) (./thesis.out)
\@outlinefile=\write4
\openout4 = `thesis.out'.

Package caption Info: Begin \AtBeginDocument code.
Package caption Info: subfig package v1.3 is loaded.
Package caption Info: supertabular package is loaded.
Package caption Info: End \AtBeginDocument code.
 (./thesis.glsdefs) (./Title/title_page.tex
<Title/onlyunilogo.png, id=147, 255.95625pt x 255.95625pt>
File: Title/onlyunilogo.png Graphic file (type png)
<use Title/onlyunilogo.png>
Package pdftex.def Info: Title/onlyunilogo.png  used on input line 13.
(pdftex.def)             Requested size: 89.58601pt x 89.58601pt.

[1

{/var/lib/texmf/fonts/map/pdftex/updmap/pdftex.map} <./Title/onlyunilogo.png>])
 (./Chapters/Other/abstract.tex) (./Chapters/Other/ackno.texpdfTeX warning (ext
4): destination with the same identifier (name{page.i}) has been already used, 
duplicate ignored
<to be read again> 
                   \relax 
l.1 \chapter
            *{Acknowledgements} [1

]) [2

] (./thesis.toc
LaTeX Font Info:    Try loading font information for U+msa on input line 8.

(/usr/share/texlive/texmf-dist/tex/latex/amsfonts/umsa.fd
File: umsa.fd 2013/01/14 v3.01 AMS symbols A
)
LaTeX Font Info:    Try loading font information for U+msb on input line 8.

(/usr/share/texlive/texmf-dist/tex/latex/amsfonts/umsb.fd
File: umsb.fd 2013/01/14 v3.01 AMS symbols B
) [3

])
\tf@toc=\write5
\openout5 = `thesis.toc'.

 [4]
(./thesis.lof [5

] [6]
Overfull \hbox (8.53754pt too wide) in paragraph at lines 69--69
 [][] [][]\OT1/cmr/m/n/12 Schematic di-a-gram of the DS18B20 tem-per-a-ture sen
-sor cir-cuit, whereby 
 []

)
\tf@lof=\write6
\openout6 = `thesis.lof'.

 [7] (./thesis.lot)
\tf@lot=\write7
\openout7 = `thesis.lot'.


Using TeX to sort glossary entries---this may take a while
[8

]
No file thesis.acr.
[9


] (./Chapters/HiSPARC/HiSPARC.tex
Chapter 1.

Overfull \hbox (13.2767pt too wide) in paragraph at lines 15--16
\OT1/cmr/m/n/12 HiSPARC stands for \OT1/cmr/bx/it/12 Hi\OT1/cmr/m/it/12 gh \OT1
/cmr/bx/it/12 S\OT1/cmr/m/it/12 chool \OT1/cmr/bx/it/12 P\OT1/cmr/m/it/12 rojec
t on \OT1/cmr/bx/it/12 A\OT1/cmr/m/it/12 strophysics and \OT1/cmr/bx/it/12 R\OT
1/cmr/m/it/12 esearch with \OT1/cmr/bx/it/12 C\OT1/cmr/m/it/12 osmics\OT1/cmr/m
/n/12 ,
 []

[1


] [2]
<Chapters/HiSPARC/config.png, id=406, 733.99219pt x 243.91125pt>
File: Chapters/HiSPARC/config.png Graphic file (type png)
<use Chapters/HiSPARC/config.png>
Package pdftex.def Info: Chapters/HiSPARC/config.png  used on input line 38.
(pdftex.def)             Requested size: 320.0935pt x 106.37222pt.


Package natbib Warning: Citation `et_enterprises_9125b_2020' on page 3 undefine
d on input line 45.

Missing character: There is no â in font cmr12!
Missing character: There is no ‰ in font cmr12!
Missing character: There is no ¡ in font cmr12!
[3 <./Chapters/HiSPARC/config.png>]
<Chapters/HiSPARC/HS_2D2.png, id=434, 398.48875pt x 106.3975pt>
File: Chapters/HiSPARC/HS_2D2.png Graphic file (type png)
<use Chapters/HiSPARC/HS_2D2.png>
Package pdftex.def Info: Chapters/HiSPARC/HS_2D2.png  used on input line 57.
(pdftex.def)             Requested size: 256.07741pt x 68.37502pt.
<Chapters/HiSPARC/HS_4D_t2.png, id=435, 80.4606pt x 68.8974pt>
File: Chapters/HiSPARC/HS_4D_t2.png Graphic file (type png)
<use Chapters/HiSPARC/HS_4D_t2.png>
Package pdftex.def Info: Chapters/HiSPARC/HS_4D_t2.png  used on input line 59.
(pdftex.def)             Requested size: 256.07741pt x 219.33759pt.
<Chapters/HiSPARC/HS_4D_d2.png, id=436, 478.78876pt x 287.0725pt>
File: Chapters/HiSPARC/HS_4D_d2.png Graphic file (type png)
<use Chapters/HiSPARC/HS_4D_d2.png>
Package pdftex.def Info: Chapters/HiSPARC/HS_4D_d2.png  used on input line 61.
(pdftex.def)             Requested size: 256.07741pt x 153.54065pt.
 [4] [5 <./Chapters/HiSPARC/HS_2D2.png> <./Chapters/HiSPARC/HS_4D_t2.png> <./Ch
apters/HiSPARC/HS_4D_d2.png>] [6]
Overfull \hbox (6.37717pt too wide) in paragraph at lines 105--118
 [] 
 []

<Chapters/HiSPARC/azm.pdf, id=482, 842.49754pt x 516.40395pt>
File: Chapters/HiSPARC/azm.pdf Graphic file (type pdf)
<use Chapters/HiSPARC/azm.pdf>
Package pdftex.def Info: Chapters/HiSPARC/azm.pdf  used on input line 125.
(pdftex.def)             Requested size: 204.85802pt x 125.56268pt.
<Chapters/HiSPARC/zen.pdf, id=483, 842.49754pt x 516.40395pt>
File: Chapters/HiSPARC/zen.pdf Graphic file (type pdf)
<use Chapters/HiSPARC/zen.pdf>
Package pdftex.def Info: Chapters/HiSPARC/zen.pdf  used on input line 129.
(pdftex.def)             Requested size: 204.85802pt x 125.56268pt.
[7 <./Chapters/HiSPARC/azm.pdf> <./Chapters/HiSPARC/zen.pdf

pdfTeX warning: /usr/bin/pdflatex (file ./Chapters/HiSPARC/zen.pdf): PDF inclus
ion: multiple pdfs with page group included in a single page
>]
<Chapters/HiSPARC/HS_AVDs.pdf, id=622, 652.39989pt x 335.62262pt>
File: Chapters/HiSPARC/HS_AVDs.pdf Graphic file (type pdf)
<use Chapters/HiSPARC/HS_AVDs.pdf>
Package pdftex.def Info: Chapters/HiSPARC/HS_AVDs.pdf  used on input line 143.
(pdftex.def)             Requested size: 391.44295pt x 201.37512pt.

Overfull \hbox (10.38474pt too wide) in paragraph at lines 184--184
|[]\OT1/cmr/bx/n/14.4 HiSPARC Ob-ser-va-tions of Ground Level En-hance-ments| 
 []

[8 <./Chapters/HiSPARC/HS_AVDs.pdf>]
<Chapters/HiSPARC/GLE70_501.pdf, id=662, 861.05122pt x 366.90416pt>
File: Chapters/HiSPARC/GLE70_501.pdf Graphic file (type pdf)
<use Chapters/HiSPARC/GLE70_501.pdf>
Package pdftex.def Info: Chapters/HiSPARC/GLE70_501.pdf  used on input line 194
.
(pdftex.def)             Requested size: 204.85802pt x 87.2918pt.
<Chapters/HiSPARC/GLE70_3001.pdf, id=663, 861.05122pt x 362.70183pt>
File: Chapters/HiSPARC/GLE70_3001.pdf Graphic file (type pdf)
<use Chapters/HiSPARC/GLE70_3001.pdf>
Package pdftex.def Info: Chapters/HiSPARC/GLE70_3001.pdf  used on input line 19
8.
(pdftex.def)             Requested size: 204.85802pt x 86.292pt.
<Chapters/HiSPARC/GLE71_8001.pdf, id=665, 861.05122pt x 370.8201pt>
File: Chapters/HiSPARC/GLE71_8001.pdf Graphic file (type pdf)
<use Chapters/HiSPARC/GLE71_8001.pdf>
Package pdftex.def Info: Chapters/HiSPARC/GLE71_8001.pdf  used on input line 21
1.
(pdftex.def)             Requested size: 204.85802pt x 88.22345pt.
<Chapters/HiSPARC/GLE71_3001.pdf, id=666, 861.05122pt x 362.70183pt>
File: Chapters/HiSPARC/GLE71_3001.pdf Graphic file (type pdf)
<use Chapters/HiSPARC/GLE71_3001.pdf>
Package pdftex.def Info: Chapters/HiSPARC/GLE71_3001.pdf  used on input line 21
5.
(pdftex.def)             Requested size: 204.85802pt x 86.292pt.


LaTeX Warning: `h' float specifier changed to `ht'.

<Chapters/HiSPARC/GLE72_501.pdf, id=668, 893.61037pt x 608.41985pt>
File: Chapters/HiSPARC/GLE72_501.pdf Graphic file (type pdf)
<use Chapters/HiSPARC/GLE72_501.pdf>
Package pdftex.def Info: Chapters/HiSPARC/GLE72_501.pdf  used on input line 228
.
(pdftex.def)             Requested size: 204.85802pt x 139.47871pt.
<Chapters/HiSPARC/GLE72_203.pdf, id=669, 893.61037pt x 608.41985pt>
File: Chapters/HiSPARC/GLE72_203.pdf Graphic file (type pdf)
<use Chapters/HiSPARC/GLE72_203.pdf>
Package pdftex.def Info: Chapters/HiSPARC/GLE72_203.pdf  used on input line 232
.
(pdftex.def)             Requested size: 204.85802pt x 139.47871pt.
<Chapters/HiSPARC/GLE72_8001.pdf, id=670, 893.61037pt x 608.41985pt>
File: Chapters/HiSPARC/GLE72_8001.pdf Graphic file (type pdf)
<use Chapters/HiSPARC/GLE72_8001.pdf>
Package pdftex.def Info: Chapters/HiSPARC/GLE72_8001.pdf  used on input line 23
8.
(pdftex.def)             Requested size: 204.85802pt x 139.47871pt.
<Chapters/HiSPARC/GLE72_14001.pdf, id=671, 868.07748pt x 612.6222pt>
File: Chapters/HiSPARC/GLE72_14001.pdf Graphic file (type pdf)
<use Chapters/HiSPARC/GLE72_14001.pdf>
Package pdftex.def Info: Chapters/HiSPARC/GLE72_14001.pdf  used on input line 2
42.
(pdftex.def)             Requested size: 204.85802pt x 144.57384pt.
[9 <./Chapters/HiSPARC/GLE70_501.pdf> <./Chapters/HiSPARC/GLE70_3001.pdf

pdfTeX warning: /usr/bin/pdflatex (file ./Chapters/HiSPARC/GLE70_3001.pdf): PDF
 inclusion: multiple pdfs with page group included in a single page
>]
<Chapters/HiSPARC/FD_201203_501.pdf, id=746, 861.05122pt x 377.22482pt>
File: Chapters/HiSPARC/FD_201203_501.pdf Graphic file (type pdf)
<use Chapters/HiSPARC/FD_201203_501.pdf>
Package pdftex.def Info: Chapters/HiSPARC/FD_201203_501.pdf  used on input line
 261.
(pdftex.def)             Requested size: 204.85802pt x 89.74722pt.
<Chapters/HiSPARC/FD_201203_8001.pdf, id=747, 861.05122pt x 377.22482pt>
File: Chapters/HiSPARC/FD_201203_8001.pdf Graphic file (type pdf)
<use Chapters/HiSPARC/FD_201203_8001.pdf>
Package pdftex.def Info: Chapters/HiSPARC/FD_201203_8001.pdf  used on input lin
e 265.
(pdftex.def)             Requested size: 204.85802pt x 89.74722pt.
<Chapters/HiSPARC/FD_201207_501.pdf, id=749, 884.78792pt x 377.22482pt>
File: Chapters/HiSPARC/FD_201207_501.pdf Graphic file (type pdf)
<use Chapters/HiSPARC/FD_201207_501.pdf>
Package pdftex.def Info: Chapters/HiSPARC/FD_201207_501.pdf  used on input line
 278.
(pdftex.def)             Requested size: 204.85802pt x 87.33548pt.
<Chapters/HiSPARC/FD_201207_8001.pdf, id=750, 884.78792pt x 377.22482pt>
File: Chapters/HiSPARC/FD_201207_8001.pdf Graphic file (type pdf)
<use Chapters/HiSPARC/FD_201207_8001.pdf>
Package pdftex.def Info: Chapters/HiSPARC/FD_201207_8001.pdf  used on input lin
e 282.
(pdftex.def)             Requested size: 204.85802pt x 87.33548pt.
<Chapters/HiSPARC/FD_201412_501.pdf, id=752, 861.05122pt x 377.22482pt>
File: Chapters/HiSPARC/FD_201412_501.pdf Graphic file (type pdf)
<use Chapters/HiSPARC/FD_201412_501.pdf>
Package pdftex.def Info: Chapters/HiSPARC/FD_201412_501.pdf  used on input line
 296.
(pdftex.def)             Requested size: 204.85802pt x 89.74722pt.
<Chapters/HiSPARC/FD_201412_203.pdf, id=753, 869.12828pt x 360.24303pt>
File: Chapters/HiSPARC/FD_201412_203.pdf Graphic file (type pdf)
<use Chapters/HiSPARC/FD_201412_203.pdf>
Package pdftex.def Info: Chapters/HiSPARC/FD_201412_203.pdf  used on input line
 300.
(pdftex.def)             Requested size: 204.85802pt x 84.90997pt.
<Chapters/HiSPARC/FD_201412_3001.pdf, id=754, 861.05122pt x 377.22482pt>
File: Chapters/HiSPARC/FD_201412_3001.pdf Graphic file (type pdf)
<use Chapters/HiSPARC/FD_201412_3001.pdf>
Package pdftex.def Info: Chapters/HiSPARC/FD_201412_3001.pdf  used on input lin
e 306.
(pdftex.def)             Requested size: 204.85802pt x 89.74722pt.
<Chapters/HiSPARC/FD_201412_14001.pdf, id=755, 883.80733pt x 360.24303pt>
File: Chapters/HiSPARC/FD_201412_14001.pdf Graphic file (type pdf)
<use Chapters/HiSPARC/FD_201412_14001.pdf>
Package pdftex.def Info: Chapters/HiSPARC/FD_201412_14001.pdf  used on input li
ne 310.
(pdftex.def)             Requested size: 204.85802pt x 83.49728pt.
<Chapters/HiSPARC/FD_GLE72_501.pdf, id=757, 893.61037pt x 622.94284pt>
File: Chapters/HiSPARC/FD_GLE72_501.pdf Graphic file (type pdf)
<use Chapters/HiSPARC/FD_GLE72_501.pdf>
Package pdftex.def Info: Chapters/HiSPARC/FD_GLE72_501.pdf  used on input line 
324.
(pdftex.def)             Requested size: 204.85802pt x 142.80807pt.
<Chapters/HiSPARC/FD_GLE72_203.pdf, id=758, 893.61037pt x 622.94284pt>
File: Chapters/HiSPARC/FD_GLE72_203.pdf Graphic file (type pdf)
<use Chapters/HiSPARC/FD_GLE72_203.pdf>
Package pdftex.def Info: Chapters/HiSPARC/FD_GLE72_203.pdf  used on input line 
328.
(pdftex.def)             Requested size: 204.85802pt x 142.80807pt.
<Chapters/HiSPARC/FD_GLE72_8001.pdf, id=759, 907.66287pt x 612.54205pt>
File: Chapters/HiSPARC/FD_GLE72_8001.pdf Graphic file (type pdf)
<use Chapters/HiSPARC/FD_GLE72_8001.pdf>
Package pdftex.def Info: Chapters/HiSPARC/FD_GLE72_8001.pdf  used on input line
 334.
(pdftex.def)             Requested size: 204.85802pt x 138.24596pt.
<Chapters/HiSPARC/FD_GLE72_14001.pdf, id=760, 884.78792pt x 622.94284pt>
File: Chapters/HiSPARC/FD_GLE72_14001.pdf Graphic file (type pdf)
<use Chapters/HiSPARC/FD_GLE72_14001.pdf>
Package pdftex.def Info: Chapters/HiSPARC/FD_GLE72_14001.pdf  used on input lin
e 338.
(pdftex.def)             Requested size: 204.85802pt x 144.22437pt.
 [10 <./Chapters/HiSPARC/GLE71_8001.pdf> <./Chapters/HiSPARC/GLE71_3001.pdf

pdfTeX warning: /usr/bin/pdflatex (file ./Chapters/HiSPARC/GLE71_3001.pdf): PDF
 inclusion: multiple pdfs with page group included in a single page
>] (./Chapters/HiSPARC/corsika_table.tex
Overfull \hbox (35.50665pt too wide) in paragraph at lines 5--47
 [] 
 []

) [11 <./Chapters/HiSPARC/GLE72_501.pdf> <./Chapters/HiSPARC/GLE72_203.pdf

pdfTeX warning: /usr/bin/pdflatex (file ./Chapters/HiSPARC/GLE72_203.pdf): PDF 
inclusion: multiple pdfs with page group included in a single page
> <./Chapters/HiSPARC/GLE72_8001.pdf

pdfTeX warning: /usr/bin/pdflatex (file ./Chapters/HiSPARC/GLE72_8001.pdf): PDF
 inclusion: multiple pdfs with page group included in a single page
> <./Chapters/HiSPARC/GLE72_14001.pdf

pdfTeX warning: /usr/bin/pdflatex (file ./Chapters/HiSPARC/GLE72_14001.pdf): PD
F inclusion: multiple pdfs with page group included in a single page
>] [12] [13 <./Chapters/HiSPARC/FD_201203_501.pdf> <./Chapters/HiSPARC/FD_20120
3_8001.pdf

pdfTeX warning: /usr/bin/pdflatex (file ./Chapters/HiSPARC/FD_201203_8001.pdf):
 PDF inclusion: multiple pdfs with page group included in a single page
> <./Chapters/HiSPARC/FD_201207_501.pdf

pdfTeX warning: /usr/bin/pdflatex (file ./Chapters/HiSPARC/FD_201207_501.pdf): 
PDF inclusion: multiple pdfs with page group included in a single page
> <./Chapters/HiSPARC/FD_201207_8001.pdf

pdfTeX warning: /usr/bin/pdflatex (file ./Chapters/HiSPARC/FD_201207_8001.pdf):
 PDF inclusion: multiple pdfs with page group included in a single page
>]
<Chapters/HiSPARC/proton_footprint.pdf, id=1163, 651.22797pt x 623.56712pt>
File: Chapters/HiSPARC/proton_footprint.pdf Graphic file (type pdf)
<use Chapters/HiSPARC/proton_footprint.pdf>
Package pdftex.def Info: Chapters/HiSPARC/proton_footprint.pdf  used on input l
ine 372.
(pdftex.def)             Requested size: 200.59245pt x 192.06688pt.
<Chapters/HiSPARC/alpha_footprint.pdf, id=1164, 651.22797pt x 623.56712pt>
File: Chapters/HiSPARC/alpha_footprint.pdf Graphic file (type pdf)
<use Chapters/HiSPARC/alpha_footprint.pdf>
Package pdftex.def Info: Chapters/HiSPARC/alpha_footprint.pdf  used on input li
ne 374.
(pdftex.def)             Requested size: 200.59245pt x 192.06688pt.
<Chapters/HiSPARC/proton_muon_number.pdf, id=1166, 662.02771pt x 623.56712pt>
File: Chapters/HiSPARC/proton_muon_number.pdf Graphic file (type pdf)
<use Chapters/HiSPARC/proton_muon_number.pdf>
Package pdftex.def Info: Chapters/HiSPARC/proton_muon_number.pdf  used on input
 line 403.
(pdftex.def)             Requested size: 200.59245pt x 188.9365pt.
<Chapters/HiSPARC/alpha_muon_number.pdf, id=1167, 662.02771pt x 623.56712pt>
File: Chapters/HiSPARC/alpha_muon_number.pdf Graphic file (type pdf)
<use Chapters/HiSPARC/alpha_muon_number.pdf>
Package pdftex.def Info: Chapters/HiSPARC/alpha_muon_number.pdf  used on input 
line 405.
(pdftex.def)             Requested size: 200.59245pt x 188.9365pt.
 [14 <./Chapters/HiSPARC/FD_201412_501.pdf> <./Chapters/HiSPARC/FD_201412_203.p
df

pdfTeX warning: /usr/bin/pdflatex (file ./Chapters/HiSPARC/FD_201412_203.pdf): 
PDF inclusion: multiple pdfs with page group included in a single page
> <./Chapters/HiSPARC/FD_201412_3001.pdf

pdfTeX warning: /usr/bin/pdflatex (file ./Chapters/HiSPARC/FD_201412_3001.pdf):
 PDF inclusion: multiple pdfs with page group included in a single page
> <./Chapters/HiSPARC/FD_201412_14001.pdf

pdfTeX warning: /usr/bin/pdflatex (file ./Chapters/HiSPARC/FD_201412_14001.pdf)
: PDF inclusion: multiple pdfs with page group included in a single page
>] [15 <./Chapters/HiSPARC/FD_GLE72_501.pdf> <./Chapters/HiSPARC/FD_GLE72_203.p
df

pdfTeX warning: /usr/bin/pdflatex (file ./Chapters/HiSPARC/FD_GLE72_203.pdf): P
DF inclusion: multiple pdfs with page group included in a single page
> <./Chapters/HiSPARC/FD_GLE72_8001.pdf

pdfTeX warning: /usr/bin/pdflatex (file ./Chapters/HiSPARC/FD_GLE72_8001.pdf): 
PDF inclusion: multiple pdfs with page group included in a single page
> <./Chapters/HiSPARC/FD_GLE72_14001.pdf

pdfTeX warning: /usr/bin/pdflatex (file ./Chapters/HiSPARC/FD_GLE72_14001.pdf):
 PDF inclusion: multiple pdfs with page group included in a single page
>] [16 <./Chapters/HiSPARC/proton_footprint.pdf> <./Chapters/HiSPARC/alpha_foot
print.pdf

pdfTeX warning: /usr/bin/pdflatex (file ./Chapters/HiSPARC/alpha_footprint.pdf)
: PDF inclusion: multiple pdfs with page group included in a single page
> <./Chapters/HiSPARC/proton_muon_number.pdf

pdfTeX warning: /usr/bin/pdflatex (file ./Chapters/HiSPARC/proton_muon_number.p
df): PDF inclusion: multiple pdfs with page group included in a single page
> <./Chapters/HiSPARC/alpha_muon_number.pdf

pdfTeX warning: /usr/bin/pdflatex (file ./Chapters/HiSPARC/alpha_muon_number.pd
f): PDF inclusion: multiple pdfs with page group included in a single page
>]
<Chapters/HiSPARC/SOPO_CRvP.pdf, id=1686, 715.68527pt x 507.89426pt>
File: Chapters/HiSPARC/SOPO_CRvP.pdf Graphic file (type pdf)
<use Chapters/HiSPARC/SOPO_CRvP.pdf>
Package pdftex.def Info: Chapters/HiSPARC/SOPO_CRvP.pdf  used on input line 431
.
(pdftex.def)             Requested size: 204.85802pt x 145.37909pt.
<Chapters/HiSPARC/501_CRvP.pdf, id=1687, 727.18134pt x 505.72906pt>
File: Chapters/HiSPARC/501_CRvP.pdf Graphic file (type pdf)
<use Chapters/HiSPARC/501_CRvP.pdf>
Package pdftex.def Info: Chapters/HiSPARC/501_CRvP.pdf  used on input line 435.

(pdftex.def)             Requested size: 204.85802pt x 142.46745pt.
 [17 <./Chapters/HiSPARC/SOPO_CRvP.pdf> <./Chapters/HiSPARC/501_CRvP.pdf

pdfTeX warning: /usr/bin/pdflatex (file ./Chapters/HiSPARC/501_CRvP.pdf): PDF i
nclusion: multiple pdfs with page group included in a single page
>]
<Chapters/HiSPARC/SOPO_beta.pdf, id=1779, 654.90926pt x 506.2959pt>
File: Chapters/HiSPARC/SOPO_beta.pdf Graphic file (type pdf)
<use Chapters/HiSPARC/SOPO_beta.pdf>
Package pdftex.def Info: Chapters/HiSPARC/SOPO_beta.pdf  used on input line 469
.
(pdftex.def)             Requested size: 204.85802pt x 158.36386pt.
<Chapters/HiSPARC/501_beta.pdf, id=1780, 654.90926pt x 506.2959pt>
File: Chapters/HiSPARC/501_beta.pdf Graphic file (type pdf)
<use Chapters/HiSPARC/501_beta.pdf>
Package pdftex.def Info: Chapters/HiSPARC/501_beta.pdf  used on input line 473.

(pdftex.def)             Requested size: 204.85802pt x 158.36386pt.
 [18 <./Chapters/HiSPARC/SOPO_beta.pdf> <./Chapters/HiSPARC/501_beta.pdf

pdfTeX warning: /usr/bin/pdflatex (file ./Chapters/HiSPARC/501_beta.pdf): PDF i
nclusion: multiple pdfs with page group included in a single page
>]
<Chapters/HiSPARC/SOPO_beta_2017_rescale.png, id=1867, 338.4645pt x 169.5936pt>

File: Chapters/HiSPARC/SOPO_beta_2017_rescale.png Graphic file (type png)
<use Chapters/HiSPARC/SOPO_beta_2017_rescale.png>
Package pdftex.def Info: Chapters/HiSPARC/SOPO_beta_2017_rescale.png  used on i
nput line 484.
(pdftex.def)             Requested size: 277.41176pt x 139.0107pt.
LaTeX Font Info:    Try loading font information for OMS+cmr on input line 497.

 (/usr/share/texlive/texmf-dist/tex/latex/base/omscmr.fd
File: omscmr.fd 2014/09/29 v2.5h Standard LaTeX font definitions
)
LaTeX Font Info:    Font shape `OMS/cmr/m/n' in size <12> not available
(Font)              Font shape `OMS/cmsy/m/n' tried instead on input line 497.
 [19 <./Chapters/HiSPARC/SOPO_beta_2017_rescale.png>]
Missing character: There is no Ä in font cmr12!
Missing character: There is no ‡ in font cmr12!
 [20]
<Chapters/HiSPARC/GLE71_3001_Pcorr.pdf, id=1914, 861.05122pt x 367.48715pt>
File: Chapters/HiSPARC/GLE71_3001_Pcorr.pdf Graphic file (type pdf)
<use Chapters/HiSPARC/GLE71_3001_Pcorr.pdf>
Package pdftex.def Info: Chapters/HiSPARC/GLE71_3001_Pcorr.pdf  used on input l
ine 548.
(pdftex.def)             Requested size: 204.85802pt x 87.4305pt.
<Chapters/HiSPARC/GLE71_8001_Pcorr.pdf, id=1915, 861.05122pt x 369.25523pt>
File: Chapters/HiSPARC/GLE71_8001_Pcorr.pdf Graphic file (type pdf)
<use Chapters/HiSPARC/GLE71_8001_Pcorr.pdf>
Package pdftex.def Info: Chapters/HiSPARC/GLE71_8001_Pcorr.pdf  used on input l
ine 552.
(pdftex.def)             Requested size: 204.85802pt x 87.85115pt.
 [21]
<Chapters/HiSPARC/GLE72_501_Pcorr.pdf, id=1924, 893.61037pt x 608.41985pt>
File: Chapters/HiSPARC/GLE72_501_Pcorr.pdf Graphic file (type pdf)
<use Chapters/HiSPARC/GLE72_501_Pcorr.pdf>
Package pdftex.def Info: Chapters/HiSPARC/GLE72_501_Pcorr.pdf  used on input li
ne 564.
(pdftex.def)             Requested size: 204.85802pt x 139.47871pt.
<Chapters/HiSPARC/GLE72_203_Pcorr.pdf, id=1925, 893.61037pt x 608.41985pt>
File: Chapters/HiSPARC/GLE72_203_Pcorr.pdf Graphic file (type pdf)
<use Chapters/HiSPARC/GLE72_203_Pcorr.pdf>
Package pdftex.def Info: Chapters/HiSPARC/GLE72_203_Pcorr.pdf  used on input li
ne 568.
(pdftex.def)             Requested size: 204.85802pt x 139.47871pt.

Overfull \hbox (2.32172pt too wide) in paragraph at lines 577--577
|[]\OT1/cmr/bx/n/14.4 Pressure Cor-rected Ob-ser-va-tions of For-bush De-crease
s| 
 []

<Chapters/HiSPARC/FD_201207_8001_Pcorr.pdf, id=1926, 888.10371pt x 377.23448pt>

File: Chapters/HiSPARC/FD_201207_8001_Pcorr.pdf Graphic file (type pdf)
<use Chapters/HiSPARC/FD_201207_8001_Pcorr.pdf>
Package pdftex.def Info: Chapters/HiSPARC/FD_201207_8001_Pcorr.pdf  used on inp
ut line 583.
(pdftex.def)             Requested size: 277.41176pt x 117.83368pt.
<Chapters/HiSPARC/FD_201412_501_Pcorr.pdf, id=1927, 861.05122pt x 377.22482pt>
File: Chapters/HiSPARC/FD_201412_501_Pcorr.pdf Graphic file (type pdf)
<use Chapters/HiSPARC/FD_201412_501_Pcorr.pdf>
Package pdftex.def Info: Chapters/HiSPARC/FD_201412_501_Pcorr.pdf  used on inpu
t line 592.
(pdftex.def)             Requested size: 277.41176pt x 121.53175pt.
<Chapters/HiSPARC/FD_GLE72_501_Pcorr.pdf, id=1928, 893.61037pt x 622.94284pt>
File: Chapters/HiSPARC/FD_GLE72_501_Pcorr.pdf Graphic file (type pdf)
<use Chapters/HiSPARC/FD_GLE72_501_Pcorr.pdf>
Package pdftex.def Info: Chapters/HiSPARC/FD_GLE72_501_Pcorr.pdf  used on input
 line 603.
(pdftex.def)             Requested size: 204.85802pt x 142.80807pt.
<Chapters/HiSPARC/FD_GLE72_203_Pcorr.pdf, id=1929, 893.61037pt x 622.94284pt>
File: Chapters/HiSPARC/FD_GLE72_203_Pcorr.pdf Graphic file (type pdf)
<use Chapters/HiSPARC/FD_GLE72_203_Pcorr.pdf>
Package pdftex.def Info: Chapters/HiSPARC/FD_GLE72_203_Pcorr.pdf  used on input
 line 607.
(pdftex.def)             Requested size: 204.85802pt x 142.80807pt.
[22 <./Chapters/HiSPARC/GLE71_3001_Pcorr.pdf> <./Chapters/HiSPARC/GLE71_8001_Pc
orr.pdf

pdfTeX warning: /usr/bin/pdflatex (file ./Chapters/HiSPARC/GLE71_8001_Pcorr.pdf
): PDF inclusion: multiple pdfs with page group included in a single page
> <./Chapters/HiSPARC/GLE72_501_Pcorr.pdf

pdfTeX warning: /usr/bin/pdflatex (file ./Chapters/HiSPARC/GLE72_501_Pcorr.pdf)
: PDF inclusion: multiple pdfs with page group included in a single page
> <./Chapters/HiSPARC/GLE72_203_Pcorr.pdf

pdfTeX warning: /usr/bin/pdflatex (file ./Chapters/HiSPARC/GLE72_203_Pcorr.pdf)
: PDF inclusion: multiple pdfs with page group included in a single page
>]) (./Chapters/HS_14008/HS_14008.tex [23 <./Chapters/HiSPARC/FD_201207_8001_Pc
orr.pdf> <./Chapters/HiSPARC/FD_201412_501_Pcorr.pdf

pdfTeX warning: /usr/bin/pdflatex (file ./Chapters/HiSPARC/FD_201412_501_Pcorr.
pdf): PDF inclusion: multiple pdfs with page group included in a single page
>] [24 <./Chapters/HiSPARC/FD_GLE72_501_Pcorr.pdf> <./Chapters/HiSPARC/FD_GLE72
_203_Pcorr.pdf

pdfTeX warning: /usr/bin/pdflatex (file ./Chapters/HiSPARC/FD_GLE72_203_Pcorr.p
df): PDF inclusion: multiple pdfs with page group included in a single page
>]
Chapter 2.
[25

]
<Chapters/HS_14008/14008_config.png, id=2274, 490.83376pt x 260.47313pt>
File: Chapters/HS_14008/14008_config.png Graphic file (type png)
<use Chapters/HS_14008/14008_config.png>
Package pdftex.def Info: Chapters/HS_14008/14008_config.png  used on input line
 41.
(pdftex.def)             Requested size: 213.39568pt x 113.2413pt.
 [26 <./Chapters/HS_14008/14008_config.png>]
<Chapters/HS_14008/detectors.jpg, id=2287, 4047.12pt x 3035.34pt>
File: Chapters/HS_14008/detectors.jpg Graphic file (type jpg)
<use Chapters/HS_14008/detectors.jpg>
Package pdftex.def Info: Chapters/HS_14008/detectors.jpg  used on input line 59
.
(pdftex.def)             Requested size: 204.85802pt x 153.62851pt.
<Chapters/HS_14008/ski_box.jpg, id=2288, 4047.12pt x 3035.34pt>
File: Chapters/HS_14008/ski_box.jpg Graphic file (type jpg)
<use Chapters/HS_14008/ski_box.jpg>
Package pdftex.def Info: Chapters/HS_14008/ski_box.jpg  used on input line 63.
(pdftex.def)             Requested size: 204.85802pt x 153.62851pt.

Overfull \hbox (1.86542pt too wide) in paragraph at lines 75--76
[]\OT1/cmr/m/n/12 In gen-eral, the [][]PMTs[] has an ad-vised op-er-at-ing volt
-age of around 700 V ([]Fokkema[],
 []

[27 <./Chapters/HS_14008/detectors.jpg> <./Chapters/HS_14008/ski_box.jpg>]
<Chapters/HS_14008/both_PMTs_post_NIM.png, id=2314, 436.14944pt x 318.10844pt>
File: Chapters/HS_14008/both_PMTs_post_NIM.png Graphic file (type png)
<use Chapters/HS_14008/both_PMTs_post_NIM.png>
Package pdftex.def Info: Chapters/HS_14008/both_PMTs_post_NIM.png  used on inpu
t line 83.
(pdftex.def)             Requested size: 320.0935pt x 233.4744pt.

[28 <./Chapters/HS_14008/both_PMTs_post_NIM.png>]
<Chapters/HS_14008/HS_14008_temp_circuit.png, id=2324, 240.9pt x 159.4758pt>
File: Chapters/HS_14008/HS_14008_temp_circuit.png Graphic file (type png)
<use Chapters/HS_14008/HS_14008_temp_circuit.png>
Package pdftex.def Info: Chapters/HS_14008/HS_14008_temp_circuit.png  used on i
nput line 102.
(pdftex.def)             Requested size: 256.07741pt x 169.53995pt.
) (./thesis.bbl [29 <./Chapters/HS_14008/HS_14008_temp_circuit.png>]
Missing character: There is no Ã in font cmr10!
Missing character: There is no ¼ in font cmr10!
Missing character: There is no â in font cmr10!
Missing character: There is no € in font cmr10!
Missing character: There is no ” in font cmr10!
Missing character: There is no â in font cmr10!
Missing character: There is no € in font cmr10!
Missing character: There is no ™ in font cmr10!
LaTeX Font Info:    Font shape `OMS/cmr/m/n' in size <10.95> not available
(Font)              Font shape `OMS/cmsy/m/n' tried instead on input line 61.
Missing character: There is no Ä in font cmr10!
Missing character: There is no ‡ in font cmr10!
Missing character: There is no Ä in font cmr10!
Missing character: There is no ‡ in font cmr10!
Missing character: There is no Ä in font cmr10!
Missing character: There is no ‡ in font cmr10!
Missing character: There is no Ä in font cmr10!
Missing character: There is no ‡ in font cmr10!
Missing character: There is no Ä in font cmr10!
Missing character: There is no  in font cmr10!
Missing character: There is no Ä in font cmr10!
Missing character: There is no ‡ in font cmr10!
Missing character: There is no Ä in font cmr10!
Missing character: There is no ‡ in font cmr10!
)

Package natbib Warning: There were undefined citations.

Package atveryend Info: Empty hook `BeforeClearDocument' on input line 187.
[30

]
Package atveryend Info: Empty hook `AfterLastShipout' on input line 187.
 (./thesis.aux)
Package atveryend Info: Executing hook `AtVeryEndDocument' on input line 187.
Package atveryend Info: Executing hook `AtEndAfterFileList' on input line 187.
Package rerunfilecheck Info: File `thesis.out' has not changed.
(rerunfilecheck)             Checksum: EC63B4DE19809229B2556BDA1DB87B09;2445.
Package atveryend Info: Empty hook `AtVeryVeryEnd' on input line 187.
 ) 
Here is how much of TeX's memory you used:
 15928 strings out of 494923
 240377 string characters out of 6180742
 417745 words of memory out of 5000000
 18717 multiletter control sequences out of 15000+600000
 21152 words of font info for 78 fonts, out of 8000000 for 9000
 14 hyphenation exceptions out of 8191
 45i,15n,87p,1971b,554s stack positions out of 5000i,500n,10000p,200000b,80000s
</usr/share/texlive/texmf-dist/fonts/type1/public/amsfonts/cm/cmbx12.pfb></us
r/share/texlive/texmf-dist/fonts/type1/public/amsfonts/cm/cmbx8.pfb></usr/share
/texlive/texmf-dist/fonts/type1/public/amsfonts/cm/cmbxti10.pfb></usr/share/tex
live/texmf-dist/fonts/type1/public/amsfonts/cm/cmex10.pfb></usr/share/texlive/t
exmf-dist/fonts/type1/public/amsfonts/cm/cmmi10.pfb></usr/share/texlive/texmf-d
ist/fonts/type1/public/amsfonts/cm/cmmi12.pfb></usr/share/texlive/texmf-dist/fo
nts/type1/public/amsfonts/cm/cmmi6.pfb></usr/share/texlive/texmf-dist/fonts/typ
e1/public/amsfonts/cm/cmmi8.pfb></usr/share/texlive/texmf-dist/fonts/type1/publ
ic/amsfonts/cm/cmmib10.pfb></usr/share/texlive/texmf-dist/fonts/type1/public/am
sfonts/cm/cmr10.pfb></usr/share/texlive/texmf-dist/fonts/type1/public/amsfonts/
cm/cmr12.pfb></usr/share/texlive/texmf-dist/fonts/type1/public/amsfonts/cm/cmr1
7.pfb></usr/share/texlive/texmf-dist/fonts/type1/public/amsfonts/cm/cmr6.pfb></
usr/share/texlive/texmf-dist/fonts/type1/public/amsfonts/cm/cmr8.pfb></usr/shar
e/texlive/texmf-dist/fonts/type1/public/amsfonts/cm/cmsy10.pfb></usr/share/texl
ive/texmf-dist/fonts/type1/public/amsfonts/cm/cmsy7.pfb></usr/share/texlive/tex
mf-dist/fonts/type1/public/amsfonts/cm/cmsy8.pfb></usr/share/texlive/texmf-dist
/fonts/type1/public/amsfonts/cm/cmti12.pfb></usr/share/texlive/texmf-dist/fonts
/type1/public/amsfonts/cm/cmtt10.pfb></usr/share/texlive/texmf-dist/fonts/type1
/public/amsfonts/cm/cmtt12.pfb>
Output written on thesis.pdf (40 pages, 9737893 bytes).
PDF statistics:
 2455 PDF objects out of 2487 (max. 8388607)
 1057 compressed objects within 11 object streams
 179 named destinations out of 1000 (max. 500000)
 539 words of extra memory for PDF output out of 10000 (max. 10000000)

