\BOOKMARK [0][-]{chapter*.1}{Abstract}{}% 1
\BOOKMARK [0][-]{chapter*.2}{Acknowledgments}{}% 2
\BOOKMARK [0][-]{chapter*.4}{List of Figures}{}% 3
\BOOKMARK [0][-]{chapter*.5}{List of Tables}{}% 4
\BOOKMARK [0][-]{chapter*.7}{List of Abbreviations}{}% 5
\BOOKMARK [0][-]{chapter.1}{HiSPARC as a Space Weather Detector}{}% 6
\BOOKMARK [1][-]{section.1.1}{Introduction}{chapter.1}% 7
\BOOKMARK [2][-]{subsection.1.1.1}{Space Weather Effects}{section.1.1}% 8
\BOOKMARK [2][-]{subsection.1.1.2}{HiSPARC Project}{section.1.1}% 9
\BOOKMARK [2][-]{subsection.1.1.3}{HiSPARC Detector and Station Configuration}{section.1.1}% 10
\BOOKMARK [1][-]{section.1.2}{Aims}{chapter.1}% 11
\BOOKMARK [1][-]{section.1.3}{HiSPARC Properties}{chapter.1}% 12
\BOOKMARK [1][-]{section.1.4}{HiSPARC Observations}{chapter.1}% 13
\BOOKMARK [2][-]{subsection.1.4.1}{HiSPARC Observations of Ground Level Enhancements}{section.1.4}% 14
\BOOKMARK [2][-]{subsection.1.4.2}{HiSPARC Observations of Forbush Decreases}{section.1.4}% 15
\BOOKMARK [1][-]{section.1.5}{Air Shower Simulations}{chapter.1}% 16
\BOOKMARK [2][-]{subsection.1.5.1}{Air Shower Footprints}{section.1.5}% 17
\BOOKMARK [2][-]{subsection.1.5.2}{Muon Flux}{section.1.5}% 18
\BOOKMARK [2][-]{subsection.1.5.3}{Muon Flux From MAIRE}{section.1.5}% 19
\BOOKMARK [1][-]{section.1.6}{Standardisation of HiSPARC Data}{chapter.1}% 20
\BOOKMARK [2][-]{subsection.1.6.1}{Motivation}{section.1.6}% 21
\BOOKMARK [2][-]{subsection.1.6.2}{Barometric Correction}{section.1.6}% 22
\BOOKMARK [2][-]{subsection.1.6.3}{Temperature Correction}{section.1.6}% 23
\BOOKMARK [1][-]{section.1.7}{HiSPARC Observations After Pressure Corrections}{chapter.1}% 24
\BOOKMARK [2][-]{subsection.1.7.1}{Pressure Corrected Observations of Ground Level Enhancements}{section.1.7}% 25
\BOOKMARK [2][-]{subsection.1.7.2}{Pressure Corrected Observations of Forbush Decreases}{section.1.7}% 26
\BOOKMARK [1][-]{section.1.8}{Discussion}{chapter.1}% 27
\BOOKMARK [1][-]{section.1.9}{Conclusion}{chapter.1}% 28
\BOOKMARK [0][-]{appendix.A}{Simulations of Cosmic Ray Air Showers using CORSIKA}{}% 29
\BOOKMARK [0][-]{table.caption.37}{Bibliography}{}% 30
