This is pdfTeX, Version 3.14159265-2.6-1.40.18 (TeX Live 2017/Debian) (preloaded format=pdflatex 2019.7.30)  15 FEB 2021 11:59
entering extended mode
 restricted \write18 enabled.
 %&-line parsing enabled.
**thesis.tex
(./thesis.tex
LaTeX2e <2017-04-15>
Babel <3.18> and hyphenation patterns for 3 language(s) loaded.
(/usr/share/texlive/texmf-dist/tex/latex/base/report.cls
Document Class: report 2014/09/29 v1.4h Standard LaTeX document class
(/usr/share/texlive/texmf-dist/tex/latex/base/size12.clo
File: size12.clo 2014/09/29 v1.4h Standard LaTeX file (size option)
)
\c@part=\count79
\c@chapter=\count80
\c@section=\count81
\c@subsection=\count82
\c@subsubsection=\count83
\c@paragraph=\count84
\c@subparagraph=\count85
\c@figure=\count86
\c@table=\count87
\abovecaptionskip=\skip41
\belowcaptionskip=\skip42
\bibindent=\dimen102
)
(/usr/share/texlive/texmf-dist/tex/latex/setspace/setspace.sty
Package: setspace 2011/12/19 v6.7a set line spacing
)
(/usr/share/texlive/texmf-dist/tex/latex/geometry/geometry.sty
Package: geometry 2010/09/12 v5.6 Page Geometry

(/usr/share/texlive/texmf-dist/tex/latex/graphics/keyval.sty
Package: keyval 2014/10/28 v1.15 key=value parser (DPC)
\KV@toks@=\toks14
)
(/usr/share/texlive/texmf-dist/tex/generic/oberdiek/ifpdf.sty
Package: ifpdf 2017/03/15 v3.2 Provides the ifpdf switch
)
(/usr/share/texlive/texmf-dist/tex/generic/oberdiek/ifvtex.sty
Package: ifvtex 2016/05/16 v1.6 Detect VTeX and its facilities (HO)
Package ifvtex Info: VTeX not detected.
)
(/usr/share/texlive/texmf-dist/tex/generic/ifxetex/ifxetex.sty
Package: ifxetex 2010/09/12 v0.6 Provides ifxetex conditional
)
\Gm@cnth=\count88
\Gm@cntv=\count89
\c@Gm@tempcnt=\count90
\Gm@bindingoffset=\dimen103
\Gm@wd@mp=\dimen104
\Gm@odd@mp=\dimen105
\Gm@even@mp=\dimen106
\Gm@layoutwidth=\dimen107
\Gm@layoutheight=\dimen108
\Gm@layouthoffset=\dimen109
\Gm@layoutvoffset=\dimen110
\Gm@dimlist=\toks15
)
(./aas_macros.sty) (/usr/share/texlive/texmf-dist/tex/latex/amsmath/amsmath.sty
Package: amsmath 2017/09/02 v2.17a AMS math features
\@mathmargin=\skip43
For additional information on amsmath, use the `?' option.
(/usr/share/texlive/texmf-dist/tex/latex/amsmath/amstext.sty
Package: amstext 2000/06/29 v2.01 AMS text

(/usr/share/texlive/texmf-dist/tex/latex/amsmath/amsgen.sty
File: amsgen.sty 1999/11/30 v2.0 generic functions
\@emptytoks=\toks16
\ex@=\dimen111
))
(/usr/share/texlive/texmf-dist/tex/latex/amsmath/amsbsy.sty
Package: amsbsy 1999/11/29 v1.2d Bold Symbols
\pmbraise@=\dimen112
)
(/usr/share/texlive/texmf-dist/tex/latex/amsmath/amsopn.sty
Package: amsopn 2016/03/08 v2.02 operator names
)
\inf@bad=\count91
LaTeX Info: Redefining \frac on input line 213.
\uproot@=\count92
\leftroot@=\count93
LaTeX Info: Redefining \overline on input line 375.
\classnum@=\count94
\DOTSCASE@=\count95
LaTeX Info: Redefining \ldots on input line 472.
LaTeX Info: Redefining \dots on input line 475.
LaTeX Info: Redefining \cdots on input line 596.
\Mathstrutbox@=\box26
\strutbox@=\box27
\big@size=\dimen113
LaTeX Font Info:    Redeclaring font encoding OML on input line 712.
LaTeX Font Info:    Redeclaring font encoding OMS on input line 713.
\macc@depth=\count96
\c@MaxMatrixCols=\count97
\dotsspace@=\muskip10
\c@parentequation=\count98
\dspbrk@lvl=\count99
\tag@help=\toks17
\row@=\count100
\column@=\count101
\maxfields@=\count102
\andhelp@=\toks18
\eqnshift@=\dimen114
\alignsep@=\dimen115
\tagshift@=\dimen116
\tagwidth@=\dimen117
\totwidth@=\dimen118
\lineht@=\dimen119
\@envbody=\toks19
\multlinegap=\skip44
\multlinetaggap=\skip45
\mathdisplay@stack=\toks20
LaTeX Info: Redefining \[ on input line 2817.
LaTeX Info: Redefining \] on input line 2818.
)
(/usr/share/texlive/texmf-dist/tex/latex/amsfonts/amssymb.sty
Package: amssymb 2013/01/14 v3.01 AMS font symbols

(/usr/share/texlive/texmf-dist/tex/latex/amsfonts/amsfonts.sty
Package: amsfonts 2013/01/14 v3.01 Basic AMSFonts support
\symAMSa=\mathgroup4
\symAMSb=\mathgroup5
LaTeX Font Info:    Overwriting math alphabet `\mathfrak' in version `bold'
(Font)                  U/euf/m/n --> U/euf/b/n on input line 106.
))
(/usr/share/texlive/texmf-dist/tex/latex/graphics/graphicx.sty
Package: graphicx 2017/06/01 v1.1a Enhanced LaTeX Graphics (DPC,SPQR)

(/usr/share/texlive/texmf-dist/tex/latex/graphics/graphics.sty
Package: graphics 2017/06/25 v1.2c Standard LaTeX Graphics (DPC,SPQR)

(/usr/share/texlive/texmf-dist/tex/latex/graphics/trig.sty
Package: trig 2016/01/03 v1.10 sin cos tan (DPC)
)
(/usr/share/texlive/texmf-dist/tex/latex/graphics-cfg/graphics.cfg
File: graphics.cfg 2016/06/04 v1.11 sample graphics configuration
)
Package graphics Info: Driver file: pdftex.def on input line 99.

(/usr/share/texlive/texmf-dist/tex/latex/graphics-def/pdftex.def
File: pdftex.def 2018/01/08 v1.0l Graphics/color driver for pdftex
))
\Gin@req@height=\dimen120
\Gin@req@width=\dimen121
)
(/usr/share/texlive/texmf-dist/tex/latex/natbib/natbib.sty
Package: natbib 2010/09/13 8.31b (PWD, AO)
\bibhang=\skip46
\bibsep=\skip47
LaTeX Info: Redefining \cite on input line 694.
\c@NAT@ctr=\count103
)
(/usr/share/texlive/texmf-dist/tex/latex/tools/enumerate.sty
Package: enumerate 2015/07/23 v3.00 enumerate extensions (DPC)
\@enLab=\toks21
)
(/usr/share/texlive/texmf-dist/tex/latex/relsize/relsize.sty
Package: relsize 2013/03/29 ver 4.1
)
(/usr/share/texlive/texmf-dist/tex/latex/float/float.sty
Package: float 2001/11/08 v1.3d Float enhancements (AL)
\c@float@type=\count104
\float@exts=\toks22
\float@box=\box28
\@float@everytoks=\toks23
\@floatcapt=\box29
)
(/usr/share/texlive/texmf-dist/tex/latex/titlesec/titlesec.sty
Package: titlesec 2016/03/21 v2.10.2 Sectioning titles
\ttl@box=\box30
\beforetitleunit=\skip48
\aftertitleunit=\skip49
\ttl@plus=\dimen122
\ttl@minus=\dimen123
\ttl@toksa=\toks24
\titlewidth=\dimen124
\titlewidthlast=\dimen125
\titlewidthfirst=\dimen126
)
(/usr/share/texlive/texmf-dist/tex/latex/comment/comment.sty
\CommentStream=\write3

Excluding comment 'comment')
(/usr/share/texlive/texmf-dist/tex/latex/threeparttable/threeparttable.sty
Package: threeparttable 2003/06/13  v 3.0
\@tempboxb=\box31
)
(/usr/share/texlive/texmf-dist/tex/latex/booktabs/booktabs.sty
Package: booktabs 2016/04/27 v1.618033 publication quality tables
\heavyrulewidth=\dimen127
\lightrulewidth=\dimen128
\cmidrulewidth=\dimen129
\belowrulesep=\dimen130
\belowbottomsep=\dimen131
\aboverulesep=\dimen132
\abovetopsep=\dimen133
\cmidrulesep=\dimen134
\cmidrulekern=\dimen135
\defaultaddspace=\dimen136
\@cmidla=\count105
\@cmidlb=\count106
\@aboverulesep=\dimen137
\@belowrulesep=\dimen138
\@thisruleclass=\count107
\@lastruleclass=\count108
\@thisrulewidth=\dimen139
)
(/usr/share/texlive/texmf-dist/tex/latex/hyperref/hyperref.sty
Package: hyperref 2018/02/06 v6.86b Hypertext links for LaTeX

(/usr/share/texlive/texmf-dist/tex/generic/oberdiek/hobsub-hyperref.sty
Package: hobsub-hyperref 2016/05/16 v1.14 Bundle oberdiek, subset hyperref (HO)


(/usr/share/texlive/texmf-dist/tex/generic/oberdiek/hobsub-generic.sty
Package: hobsub-generic 2016/05/16 v1.14 Bundle oberdiek, subset generic (HO)
Package: hobsub 2016/05/16 v1.14 Construct package bundles (HO)
Package: infwarerr 2016/05/16 v1.4 Providing info/warning/error messages (HO)
Package: ltxcmds 2016/05/16 v1.23 LaTeX kernel commands for general use (HO)
Package: ifluatex 2016/05/16 v1.4 Provides the ifluatex switch (HO)
Package ifluatex Info: LuaTeX not detected.
Package hobsub Info: Skipping package `ifvtex' (already loaded).
Package: intcalc 2016/05/16 v1.2 Expandable calculations with integers (HO)
Package hobsub Info: Skipping package `ifpdf' (already loaded).
Package: etexcmds 2016/05/16 v1.6 Avoid name clashes with e-TeX commands (HO)
Package etexcmds Info: Could not find \expanded.
(etexcmds)             That can mean that you are not using pdfTeX 1.50 or
(etexcmds)             that some package has redefined \expanded.
(etexcmds)             In the latter case, load this package earlier.
Package: kvsetkeys 2016/05/16 v1.17 Key value parser (HO)
Package: kvdefinekeys 2016/05/16 v1.4 Define keys (HO)
Package: pdftexcmds 2018/01/21 v0.26 Utility functions of pdfTeX for LuaTeX (HO
)
Package pdftexcmds Info: LuaTeX not detected.
Package pdftexcmds Info: \pdf@primitive is available.
Package pdftexcmds Info: \pdf@ifprimitive is available.
Package pdftexcmds Info: \pdfdraftmode found.
Package: pdfescape 2016/05/16 v1.14 Implements pdfTeX's escape features (HO)
Package: bigintcalc 2016/05/16 v1.4 Expandable calculations on big integers (HO
)
Package: bitset 2016/05/16 v1.2 Handle bit-vector datatype (HO)
Package: uniquecounter 2016/05/16 v1.3 Provide unlimited unique counter (HO)
)
Package hobsub Info: Skipping package `hobsub' (already loaded).
Package: letltxmacro 2016/05/16 v1.5 Let assignment for LaTeX macros (HO)
Package: hopatch 2016/05/16 v1.3 Wrapper for package hooks (HO)
Package: xcolor-patch 2016/05/16 xcolor patch
Package: atveryend 2016/05/16 v1.9 Hooks at the very end of document (HO)
Package atveryend Info: \enddocument detected (standard20110627).
Package: atbegshi 2016/06/09 v1.18 At begin shipout hook (HO)
Package: refcount 2016/05/16 v3.5 Data extraction from label references (HO)
Package: hycolor 2016/05/16 v1.8 Color options for hyperref/bookmark (HO)
)
(/usr/share/texlive/texmf-dist/tex/latex/oberdiek/auxhook.sty
Package: auxhook 2016/05/16 v1.4 Hooks for auxiliary files (HO)
)
(/usr/share/texlive/texmf-dist/tex/latex/oberdiek/kvoptions.sty
Package: kvoptions 2016/05/16 v3.12 Key value format for package options (HO)
)
\@linkdim=\dimen140
\Hy@linkcounter=\count109
\Hy@pagecounter=\count110

(/usr/share/texlive/texmf-dist/tex/latex/hyperref/pd1enc.def
File: pd1enc.def 2018/02/06 v6.86b Hyperref: PDFDocEncoding definition (HO)
)
\Hy@SavedSpaceFactor=\count111

(/usr/share/texlive/texmf-dist/tex/latex/latexconfig/hyperref.cfg
File: hyperref.cfg 2002/06/06 v1.2 hyperref configuration of TeXLive
)
Package hyperref Info: Hyper figures OFF on input line 4509.
Package hyperref Info: Link nesting OFF on input line 4514.
Package hyperref Info: Hyper index ON on input line 4517.
Package hyperref Info: Plain pages OFF on input line 4524.
Package hyperref Info: Backreferencing OFF on input line 4529.
Package hyperref Info: Implicit mode ON; LaTeX internals redefined.
Package hyperref Info: Bookmarks ON on input line 4762.
\c@Hy@tempcnt=\count112

(/usr/share/texlive/texmf-dist/tex/latex/url/url.sty
\Urlmuskip=\muskip11
Package: url 2013/09/16  ver 3.4  Verb mode for urls, etc.
)
LaTeX Info: Redefining \url on input line 5115.
\XeTeXLinkMargin=\dimen141
\Fld@menulength=\count113
\Field@Width=\dimen142
\Fld@charsize=\dimen143
Package hyperref Info: Hyper figures OFF on input line 6369.
Package hyperref Info: Link nesting OFF on input line 6374.
Package hyperref Info: Hyper index ON on input line 6377.
Package hyperref Info: backreferencing OFF on input line 6384.
Package hyperref Info: Link coloring OFF on input line 6389.
Package hyperref Info: Link coloring with OCG OFF on input line 6394.
Package hyperref Info: PDF/A mode OFF on input line 6399.
LaTeX Info: Redefining \ref on input line 6439.
LaTeX Info: Redefining \pageref on input line 6443.
\Hy@abspage=\count114
\c@Item=\count115
\c@Hfootnote=\count116
)
Package hyperref Info: Driver (autodetected): hpdftex.

(/usr/share/texlive/texmf-dist/tex/latex/hyperref/hpdftex.def
File: hpdftex.def 2018/02/06 v6.86b Hyperref driver for pdfTeX
\Fld@listcount=\count117
\c@bookmark@seq@number=\count118

(/usr/share/texlive/texmf-dist/tex/latex/oberdiek/rerunfilecheck.sty
Package: rerunfilecheck 2016/05/16 v1.8 Rerun checks for auxiliary files (HO)
Package uniquecounter Info: New unique counter `rerunfilecheck' on input line 2
82.
)
\Hy@SectionHShift=\skip50
)
Package hyperref Info: Option `colorlinks' set `true' on input line 48.

(/usr/share/texlive/texmf-dist/tex/latex/tools/xspace.sty
Package: xspace 2014/10/28 v1.13 Space after command names (DPC,MH)
)
(/usr/share/texlive/texmf-dist/tex/latex/xcolor/xcolor.sty
Package: xcolor 2016/05/11 v2.12 LaTeX color extensions (UK)

(/usr/share/texlive/texmf-dist/tex/latex/graphics-cfg/color.cfg
File: color.cfg 2016/01/02 v1.6 sample color configuration
)
Package xcolor Info: Driver file: pdftex.def on input line 225.
Package xcolor Info: Model `cmy' substituted by `cmy0' on input line 1348.
Package xcolor Info: Model `hsb' substituted by `rgb' on input line 1352.
Package xcolor Info: Model `RGB' extended on input line 1364.
Package xcolor Info: Model `HTML' substituted by `rgb' on input line 1366.
Package xcolor Info: Model `Hsb' substituted by `hsb' on input line 1367.
Package xcolor Info: Model `tHsb' substituted by `hsb' on input line 1368.
Package xcolor Info: Model `HSB' substituted by `hsb' on input line 1369.
Package xcolor Info: Model `Gray' substituted by `gray' on input line 1370.
Package xcolor Info: Model `wave' substituted by `hsb' on input line 1371.
)
(/usr/share/texlive/texmf-dist/tex/latex/tools/longtable.sty
Package: longtable 2014/10/28 v4.11 Multi-page Table package (DPC)
\LTleft=\skip51
\LTright=\skip52
\LTpre=\skip53
\LTpost=\skip54
\LTchunksize=\count119
\LTcapwidth=\dimen144
\LT@head=\box32
\LT@firsthead=\box33
\LT@foot=\box34
\LT@lastfoot=\box35
\LT@cols=\count120
\LT@rows=\count121
\c@LT@tables=\count122
\c@LT@chunks=\count123
\LT@p@ftn=\toks25
)
(/usr/share/texlive/texmf-dist/tex/latex/tools/bm.sty
Package: bm 2017/01/16 v1.2c Bold Symbol Support (DPC/FMi)
\symboldoperators=\mathgroup6
\symboldletters=\mathgroup7
\symboldsymbols=\mathgroup8
LaTeX Font Info:    Redeclaring math alphabet \mathbf on input line 141.
LaTeX Info: Redefining \bm on input line 207.
)
(/usr/share/texlive/texmf-dist/tex/latex/subfig/subfig.sty
Package: subfig 2005/06/28 ver: 1.3 subfig package

(/usr/share/texlive/texmf-dist/tex/latex/caption/caption.sty
Package: caption 2016/02/21 v3.3-144 Customizing captions (AR)

(/usr/share/texlive/texmf-dist/tex/latex/caption/caption3.sty
Package: caption3 2016/05/22 v1.7-166 caption3 kernel (AR)
Package caption3 Info: TeX engine: e-TeX on input line 67.
\captionmargin=\dimen145
\captionmargin@=\dimen146
\captionwidth=\dimen147
\caption@tempdima=\dimen148
\caption@indent=\dimen149
\caption@parindent=\dimen150
\caption@hangindent=\dimen151
)
\c@ContinuedFloat=\count124
Package caption Info: float package is loaded.
Package caption Info: hyperref package is loaded.
Package caption Info: longtable package is loaded.

(/usr/share/texlive/texmf-dist/tex/latex/caption/ltcaption.sty
Package: ltcaption 2013/06/09 v1.4-94 longtable captions (AR)
)
Package caption Info: threeparttable package is loaded.
)
\c@KVtest=\count125
\sf@farskip=\skip55
\sf@captopadj=\dimen152
\sf@capskip=\skip56
\sf@nearskip=\skip57
\c@subfigure=\count126
\c@subfigure@save=\count127
\c@lofdepth=\count128
\c@subtable=\count129
\c@subtable@save=\count130
\c@lotdepth=\count131
\sf@top=\skip58
\sf@bottom=\skip59
)
(/usr/share/texlive/texmf-dist/tex/latex/soul/soul.sty
Package: soul 2003/11/17 v2.4 letterspacing/underlining (mf)
\SOUL@word=\toks26
\SOUL@lasttoken=\toks27
\SOUL@cmds=\toks28
\SOUL@buffer=\toks29
\SOUL@token=\toks30
\SOUL@spaceskip=\skip60
\SOUL@ttwidth=\dimen153
\SOUL@uldp=\dimen154
\SOUL@ulht=\dimen155
)
(/usr/share/texlive/texmf-dist/tex/latex/tools/array.sty
Package: array 2016/10/06 v2.4d Tabular extension package (FMi)
\col@sep=\dimen156
\extrarowheight=\dimen157
\NC@list=\toks31
\extratabsurround=\skip61
\backup@length=\skip62
)
(/usr/share/texlive/texmf-dist/tex/latex/multirow/multirow.sty
Package: multirow 2016/11/25 v2.2 Span multiple rows of a table
\multirow@colwidth=\skip63
\multirow@cntb=\count132
\multirow@dima=\skip64
\bigstrutjot=\dimen158
)
(/usr/share/texlive/texmf-dist/tex/latex/was/upgreek.sty
Package: upgreek 2003/02/12 v2.0 (WaS)
Package upgreek Info: Using Euler Roman for upright Greek on input line 31.
\symugrf@m=\mathgroup9
LaTeX Font Info:    Overwriting symbol font `ugrf@m' in version `bold'
(Font)                  U/eur/m/n --> U/eur/b/n on input line 38.
)
(/usr/share/texlive/texmf-dist/tex/latex/glossaries/base/glossaries.sty
Package: glossaries 2017/11/14 v4.35 (NLCT)

(/usr/share/texlive/texmf-dist/tex/latex/base/ifthen.sty
Package: ifthen 2014/09/29 v1.1c Standard LaTeX ifthen package (DPC)
)
(/usr/share/texlive/texmf-dist/tex/latex/xkeyval/xkeyval.sty
Package: xkeyval 2014/12/03 v2.7a package option processing (HA)

(/usr/share/texlive/texmf-dist/tex/generic/xkeyval/xkeyval.tex
(/usr/share/texlive/texmf-dist/tex/generic/xkeyval/xkvutils.tex
\XKV@toks=\toks32
\XKV@tempa@toks=\toks33
)
\XKV@depth=\count133
File: xkeyval.tex 2014/12/03 v2.7a key=value parser (HA)
))
(/usr/share/texlive/texmf-dist/tex/latex/mfirstuc/mfirstuc.sty
Package: mfirstuc 2017/11/14 v2.06 (NLCT)

(/usr/share/texlive/texmf-dist/tex/latex/etoolbox/etoolbox.sty
Package: etoolbox 2018/02/11 v2.5e e-TeX tools for LaTeX (JAW)
\etb@tempcnta=\count134
)
\@glsmfirst=\toks34
\@glsmrest=\toks35
)
(/usr/share/texlive/texmf-dist/tex/latex/textcase/textcase.sty
Package: textcase 2004/10/07 v0.07 Text only upper/lower case changing (DPC)
)
(/usr/share/texlive/texmf-dist/tex/latex/xfor/xfor.sty
Package: xfor 2009/02/05 v1.05 (NLCT)
)
(/usr/share/texlive/texmf-dist/tex/latex/datatool/datatool-base.sty
Package: datatool-base 2017/11/12 v2.29 (NLCT)

(/usr/share/texlive/texmf-dist/tex/latex/substr/substr.sty
Package: substr 2009/10/20 v1.2 Handle substrings
\c@su@anzahl=\count135
)
(/usr/share/texlive/texmf-dist/tex/latex/datatool/datatool-fp.sty
Package: datatool-fp 2017/11/12 v2.29 (NLCT)

(/usr/share/texlive/texmf-dist/tex/latex/fp/fp.sty
Package: fp 1995/04/02

`Fixed Point Package', Version 0.8, April 2, 1995 (C) Michael Mehlich
(/usr/share/texlive/texmf-dist/tex/latex/fp/defpattern.sty
Package: defpattern 1994/10/12
\actioncount=\count136
)
(/usr/share/texlive/texmf-dist/tex/latex/fp/fp-basic.sty
Package: fp-basic 1996/05/13
\FP@xs=\count137
\FP@xia=\count138
\FP@xib=\count139
\FP@xfa=\count140
\FP@xfb=\count141
\FP@rega=\count142
\FP@regb=\count143
\FP@regs=\count144
\FP@times=\count145
)
(/usr/share/texlive/texmf-dist/tex/latex/fp/fp-addons.sty
Package: fp-addons 1995/03/15
)
(/usr/share/texlive/texmf-dist/tex/latex/fp/fp-snap.sty
Package: fp-snap 1995/04/05
)
(/usr/share/texlive/texmf-dist/tex/latex/fp/fp-exp.sty
Package: fp-exp 1995/04/03
)
(/usr/share/texlive/texmf-dist/tex/latex/fp/fp-trigo.sty
Package: fp-trigo 1995/04/14
)
(/usr/share/texlive/texmf-dist/tex/latex/fp/fp-pas.sty
Package: fp-pas 1994/08/29
)
(/usr/share/texlive/texmf-dist/tex/latex/fp/fp-random.sty
Package: fp-random 1995/02/23
\FPseed=\count146
)
(/usr/share/texlive/texmf-dist/tex/latex/fp/fp-eqn.sty
Package: fp-eqn 1995/04/03
)
(/usr/share/texlive/texmf-dist/tex/latex/fp/fp-upn.sty
Package: fp-upn 1996/10/21
)
(/usr/share/texlive/texmf-dist/tex/latex/fp/fp-eval.sty
Package: fp-eval 1995/04/03
)))
\@dtl@toks=\toks36
\@dtl@tmpcount=\count147
\dtl@tmplength=\skip65
\dtl@sortresult=\count148
\@dtl@numgrpsepcount=\count149
\@dtl@datatype=\count150
\dtl@codeA=\count151
\dtl@codeB=\count152
\@dtl@foreach@level=\count153
)
(/usr/share/texlive/texmf-dist/tex/latex/glossaries/base/glossaries-compatible-
307.sty
Package: glossaries-compatible-307 2017/11/14 v4.35 (NLCT)
)
\gls@level=\count154
\@gls@tmpb=\toks37
\gls@tmplen=\skip66
\glskeylisttok=\toks38
\glslabeltok=\toks39
\glsshorttok=\toks40
\glslongtok=\toks41

(/usr/share/texlive/texmf-dist/tex/latex/glossaries/styles/glossary-hypernav.st
y
Package: glossary-hypernav 2017/11/14 v4.35 (NLCT)
) (/usr/share/texlive/texmf-dist/tex/latex/glossaries/styles/glossary-list.sty
Package: glossary-list 2017/11/14 v4.35 (NLCT)
\glslistdottedwidth=\skip67
) (/usr/share/texlive/texmf-dist/tex/latex/glossaries/styles/glossary-long.sty
Package: glossary-long 2017/11/14 v4.35 (NLCT)
\glsdescwidth=\skip68
\glspagelistwidth=\skip69
) (/usr/share/texlive/texmf-dist/tex/latex/glossaries/styles/glossary-super.sty
Package: glossary-super 2017/11/14 v4.35 (NLCT)

(/usr/share/texlive/texmf-dist/tex/latex/supertabular/supertabular.sty
Package: supertabular 2004/02/20 v4.1e the supertabular environment
\c@tracingst=\count155
\ST@wd=\dimen159
\ST@rightskip=\skip70
\ST@leftskip=\skip71
\ST@parfillskip=\skip72
\ST@pageleft=\dimen160
\ST@headht=\dimen161
\ST@tailht=\dimen162
\ST@pagesofar=\dimen163
\ST@pboxht=\dimen164
\ST@lineht=\dimen165
\ST@stretchht=\dimen166
\ST@prevht=\dimen167
\ST@toadd=\dimen168
\ST@dimen=\dimen169
\ST@pbox=\box36
))
(/usr/share/texlive/texmf-dist/tex/latex/glossaries/styles/glossary-tree.sty
Package: glossary-tree 2017/11/14 v4.35 (NLCT)
\glstreeindent=\skip73
))
(./Chapters/Other/acronyms.tex) (./thesis.aux)
\openout1 = `thesis.aux'.

LaTeX Font Info:    Checking defaults for OML/cmm/m/it on input line 106.
LaTeX Font Info:    ... okay on input line 106.
LaTeX Font Info:    Checking defaults for T1/cmr/m/n on input line 106.
LaTeX Font Info:    ... okay on input line 106.
LaTeX Font Info:    Checking defaults for OT1/cmr/m/n on input line 106.
LaTeX Font Info:    ... okay on input line 106.
LaTeX Font Info:    Checking defaults for OMS/cmsy/m/n on input line 106.
LaTeX Font Info:    ... okay on input line 106.
LaTeX Font Info:    Checking defaults for OMX/cmex/m/n on input line 106.
LaTeX Font Info:    ... okay on input line 106.
LaTeX Font Info:    Checking defaults for U/cmr/m/n on input line 106.
LaTeX Font Info:    ... okay on input line 106.
LaTeX Font Info:    Checking defaults for PD1/pdf/m/n on input line 106.
LaTeX Font Info:    ... okay on input line 106.

*geometry* driver: auto-detecting
*geometry* detected driver: pdftex
*geometry* verbose mode - [ preamble ] result:
* driver: pdftex
* paper: a4paper
* layout: <same size as paper>
* layoutoffset:(h,v)=(0.0pt,0.0pt)
* modes: 
* h-part:(L,W,R)=(85.35826pt, 426.79135pt, 85.35826pt)
* v-part:(T,H,B)=(85.35826pt, 674.33032pt, 85.35826pt)
* \paperwidth=597.50787pt
* \paperheight=845.04684pt
* \textwidth=426.79135pt
* \textheight=674.33032pt
* \oddsidemargin=13.08827pt
* \evensidemargin=13.08827pt
* \topmargin=-23.91173pt
* \headheight=12.0pt
* \headsep=25.0pt
* \topskip=12.0pt
* \footskip=30.0pt
* \marginparwidth=35.0pt
* \marginparsep=10.0pt
* \columnsep=10.0pt
* \skip\footins=10.8pt plus 4.0pt minus 2.0pt
* \hoffset=0.0pt
* \voffset=0.0pt
* \mag=1000
* \@twocolumnfalse
* \@twosidefalse
* \@mparswitchfalse
* \@reversemarginfalse
* (1in=72.27pt=25.4mm, 1cm=28.453pt)

(/usr/share/texlive/texmf-dist/tex/context/base/mkii/supp-pdf.mkii
[Loading MPS to PDF converter (version 2006.09.02).]
\scratchcounter=\count156
\scratchdimen=\dimen170
\scratchbox=\box37
\nofMPsegments=\count157
\nofMParguments=\count158
\everyMPshowfont=\toks42
\MPscratchCnt=\count159
\MPscratchDim=\dimen171
\MPnumerator=\count160
\makeMPintoPDFobject=\count161
\everyMPtoPDFconversion=\toks43
) (/usr/share/texlive/texmf-dist/tex/latex/oberdiek/epstopdf-base.sty
Package: epstopdf-base 2016/05/15 v2.6 Base part for package epstopdf

(/usr/share/texlive/texmf-dist/tex/latex/oberdiek/grfext.sty
Package: grfext 2016/05/16 v1.2 Manage graphics extensions (HO)
)
Package epstopdf-base Info: Redefining graphics rule for `.eps' on input line 4
38.
Package grfext Info: Graphics extension search list:
(grfext)             [.pdf,.png,.jpg,.mps,.jpeg,.jbig2,.jb2,.PDF,.PNG,.JPG,.JPE
G,.JBIG2,.JB2,.eps]
(grfext)             \AppendGraphicsExtensions on input line 456.

(/usr/share/texlive/texmf-dist/tex/latex/latexconfig/epstopdf-sys.cfg
File: epstopdf-sys.cfg 2010/07/13 v1.3 Configuration of (r)epstopdf for TeX Liv
e
))
\AtBeginShipoutBox=\box38
Package hyperref Info: Link coloring ON on input line 106.

(/usr/share/texlive/texmf-dist/tex/latex/hyperref/nameref.sty
Package: nameref 2016/05/21 v2.44 Cross-referencing by name of section

(/usr/share/texlive/texmf-dist/tex/generic/oberdiek/gettitlestring.sty
Package: gettitlestring 2016/05/16 v1.5 Cleanup title references (HO)
)
\c@section@level=\count162
)
LaTeX Info: Redefining \ref on input line 106.
LaTeX Info: Redefining \pageref on input line 106.
LaTeX Info: Redefining \nameref on input line 106.

(./thesis.out) (./thesis.out)
\@outlinefile=\write4
\openout4 = `thesis.out'.

Package caption Info: Begin \AtBeginDocument code.
Package caption Info: subfig package v1.3 is loaded.
Package caption Info: supertabular package is loaded.
Package caption Info: End \AtBeginDocument code.
 (./Title/title_page.tex
<Title/onlyunilogo.png, id=140, 255.95625pt x 255.95625pt>
File: Title/onlyunilogo.png Graphic file (type png)
<use Title/onlyunilogo.png>
Package pdftex.def Info: Title/onlyunilogo.png  used on input line 13.
(pdftex.def)             Requested size: 89.58601pt x 89.58601pt.
 [1

{/var/lib/texmf/fonts/map/pdftex/updmap/pdftex.map} <./Title/onlyunilogo.png>])
 (./thesis.toc
LaTeX Font Info:    Try loading font information for U+msa on input line 6.

(/usr/share/texlive/texmf-dist/tex/latex/amsfonts/umsa.fd
File: umsa.fd 2013/01/14 v3.01 AMS symbols A
)
LaTeX Font Info:    Try loading font information for U+msb on input line 6.

(/usr/share/texlive/texmf-dist/tex/latex/amsfonts/umsb.fd
File: umsb.fd 2013/01/14 v3.01 AMS symbols B
)pdfTeX warning (ext4): destination with the same identifier (name{page.i}) has
 been already used, duplicate ignored
<to be read again> 
                   \relax 
l.34 ...mberline {2.7}Conclusion}{60}{section.2.7}
                                                   [1

])
\tf@toc=\write5
\openout5 = `thesis.toc'.

 [2] (./thesis.lof
[3

])
\tf@lof=\write6
\openout6 = `thesis.lof'.

 [4] [5] (./thesis.lot)
\tf@lot=\write7
\openout7 = `thesis.lot'.


Using TeX to sort glossary entries---this may take a while
[6

] [7]
No file thesis.acr.
[8


] (./Chapters/GCR_SSN/GCR_SSN.tex
Chapter 1.
[1


]
Package epstopdf Info: Source file: <Chapters/GCR_SSN/timeseries.eps>
(epstopdf)                    date: 2018-11-05 14:43:56
(epstopdf)                    size: 112902 bytes
(epstopdf)             Output file: <Chapters/GCR_SSN/timeseries-eps-converted-
to.pdf>
(epstopdf)                    date: 2020-05-11 16:26:02
(epstopdf)                    size: 40559 bytes
(epstopdf)             Command: <repstopdf --outfile=Chapters/GCR_SSN/timeserie
s-eps-converted-to.pdf Chapters/GCR_SSN/timeseries.eps>
(epstopdf)             \includegraphics on input line 26.
Package epstopdf Info: Output file is already uptodate.


pdfTeX warning: /usr/bin/pdflatex (file ./Chapters/GCR_SSN/timeseries-eps-conve
rted-to.pdf): PDF inclusion: found PDF version <1.7>, but at most version <1.5>
 allowed
<Chapters/GCR_SSN/timeseries-eps-converted-to.pdf, id=439, 714.67pt x 715.67375
pt>
File: Chapters/GCR_SSN/timeseries-eps-converted-to.pdf Graphic file (type pdf)
<use Chapters/GCR_SSN/timeseries-eps-converted-to.pdf>
Package pdftex.def Info: Chapters/GCR_SSN/timeseries-eps-converted-to.pdf  used
 on input line 26.
(pdftex.def)             Requested size: 426.79135pt x 427.3873pt.
[2] [3 <./Chapters/GCR_SSN/timeseries-eps-converted-to.pdf>]
Package epstopdf Info: Source file: <Chapters/GCR_SSN/all_hysteresis.eps>
(epstopdf)                    date: 2018-11-06 09:10:33
(epstopdf)                    size: 66765 bytes
(epstopdf)             Output file: <Chapters/GCR_SSN/all_hysteresis-eps-conver
ted-to.pdf>
(epstopdf)                    date: 2020-05-11 16:26:02
(epstopdf)                    size: 32052 bytes
(epstopdf)             Command: <repstopdf --outfile=Chapters/GCR_SSN/all_hyste
resis-eps-converted-to.pdf Chapters/GCR_SSN/all_hysteresis.eps>
(epstopdf)             \includegraphics on input line 51.
Package epstopdf Info: Output file is already uptodate.


pdfTeX warning: /usr/bin/pdflatex (file ./Chapters/GCR_SSN/all_hysteresis-eps-c
onverted-to.pdf): PDF inclusion: found PDF version <1.7>, but at most version <
1.5> allowed
<Chapters/GCR_SSN/all_hysteresis-eps-converted-to.pdf, id=550, 624.3325pt x 637
.38126pt>
File: Chapters/GCR_SSN/all_hysteresis-eps-converted-to.pdf Graphic file (type p
df)
<use Chapters/GCR_SSN/all_hysteresis-eps-converted-to.pdf>
Package pdftex.def Info: Chapters/GCR_SSN/all_hysteresis-eps-converted-to.pdf  
used on input line 51.
(pdftex.def)             Requested size: 426.79135pt x 435.71849pt.
[4] [5 <./Chapters/GCR_SSN/all_hysteresis-eps-converted-to.pdf>] [6]
Overfull \hbox (0.25143pt too wide) in paragraph at lines 77--78
\OT1/cmr/m/n/12 1964-2018, span-ning so-lar cy-cles 20-24, for the cy-cle epoch
s: 20: (10/1964 - 03/1976);
 []

[7] [8]
Package epstopdf Info: Source file: <Chapters/GCR_SSN/Lag.eps>
(epstopdf)                    date: 2018-08-08 16:26:14
(epstopdf)                    size: 58689 bytes
(epstopdf)             Output file: <Chapters/GCR_SSN/Lag-eps-converted-to.pdf>

(epstopdf)                    date: 2020-05-11 16:26:02
(epstopdf)                    size: 27114 bytes
(epstopdf)             Command: <repstopdf --outfile=Chapters/GCR_SSN/Lag-eps-c
onverted-to.pdf Chapters/GCR_SSN/Lag.eps>
(epstopdf)             \includegraphics on input line 152.
Package epstopdf Info: Output file is already uptodate.


pdfTeX warning: /usr/bin/pdflatex (file ./Chapters/GCR_SSN/Lag-eps-converted-to
.pdf): PDF inclusion: found PDF version <1.7>, but at most version <1.5> allowe
d
<Chapters/GCR_SSN/Lag-eps-converted-to.pdf, id=670, 630.355pt x 655.44875pt>
File: Chapters/GCR_SSN/Lag-eps-converted-to.pdf Graphic file (type pdf)
<use Chapters/GCR_SSN/Lag-eps-converted-to.pdf>
Package pdftex.def Info: Chapters/GCR_SSN/Lag-eps-converted-to.pdf  used on inp
ut line 152.
(pdftex.def)             Requested size: 426.79135pt x 443.77899pt.
[9] [10 <./Chapters/GCR_SSN/Lag-eps-converted-to.pdf>]
Package epstopdf Info: Source file: <Chapters/GCR_SSN/cycle_24_lag.eps>
(epstopdf)                    date: 2018-08-09 11:10:58
(epstopdf)                    size: 29305 bytes
(epstopdf)             Output file: <Chapters/GCR_SSN/cycle_24_lag-eps-converte
d-to.pdf>
(epstopdf)                    date: 2020-05-11 16:26:02
(epstopdf)                    size: 18553 bytes
(epstopdf)             Command: <repstopdf --outfile=Chapters/GCR_SSN/cycle_24_
lag-eps-converted-to.pdf Chapters/GCR_SSN/cycle_24_lag.eps>
(epstopdf)             \includegraphics on input line 195.
Package epstopdf Info: Output file is already uptodate.


pdfTeX warning: /usr/bin/pdflatex (file ./Chapters/GCR_SSN/cycle_24_lag-eps-con
verted-to.pdf): PDF inclusion: found PDF version <1.7>, but at most version <1.
5> allowed
<Chapters/GCR_SSN/cycle_24_lag-eps-converted-to.pdf, id=748, 420.57124pt x 418.
56375pt>
File: Chapters/GCR_SSN/cycle_24_lag-eps-converted-to.pdf Graphic file (type pdf
)
<use Chapters/GCR_SSN/cycle_24_lag-eps-converted-to.pdf>
Package pdftex.def Info: Chapters/GCR_SSN/cycle_24_lag-eps-converted-to.pdf  us
ed on input line 195.
(pdftex.def)             Requested size: 221.93332pt x 220.87332pt.

Package caption Warning: The option `hypcap=true' will be ignored for this
(caption)                particular \caption on input line 198.
See the caption package documentation for explanation.


Package caption Warning: The option `hypcap=true' will be ignored for this
(caption)                particular \caption on input line 205.
See the caption package documentation for explanation.

[11] [12 <./Chapters/GCR_SSN/cycle_24_lag-eps-converted-to.pdf>]
Package epstopdf Info: Source file: <Chapters/GCR_SSN/cycle_tomasetti_lag.eps>
(epstopdf)                    date: 2018-11-07 11:56:10
(epstopdf)                    size: 29517 bytes
(epstopdf)             Output file: <Chapters/GCR_SSN/cycle_tomasetti_lag-eps-c
onverted-to.pdf>
(epstopdf)                    date: 2020-05-11 16:26:03
(epstopdf)                    size: 17683 bytes
(epstopdf)             Command: <repstopdf --outfile=Chapters/GCR_SSN/cycle_tom
asetti_lag-eps-converted-to.pdf Chapters/GCR_SSN/cycle_tomasetti_lag.eps>
(epstopdf)             \includegraphics on input line 240.
Package epstopdf Info: Output file is already uptodate.


pdfTeX warning: /usr/bin/pdflatex (file ./Chapters/GCR_SSN/cycle_tomasetti_lag-
eps-converted-to.pdf): PDF inclusion: found PDF version <1.7>, but at most vers
ion <1.5> allowed
<Chapters/GCR_SSN/cycle_tomasetti_lag-eps-converted-to.pdf, id=821, 420.57124pt
 x 452.69125pt>
File: Chapters/GCR_SSN/cycle_tomasetti_lag-eps-converted-to.pdf Graphic file (t
ype pdf)
<use Chapters/GCR_SSN/cycle_tomasetti_lag-eps-converted-to.pdf>
Package pdftex.def Info: Chapters/GCR_SSN/cycle_tomasetti_lag-eps-converted-to.
pdf  used on input line 240.
(pdftex.def)             Requested size: 221.93332pt x 238.88219pt.

Package caption Warning: The option `hypcap=true' will be ignored for this
(caption)                particular \caption on input line 243.
See the caption package documentation for explanation.


Package caption Warning: The option `hypcap=true' will be ignored for this
(caption)                particular \caption on input line 251.
See the caption package documentation for explanation.

[13 <./Chapters/GCR_SSN/cycle_tomasetti_lag-eps-converted-to.pdf>]
Package epstopdf Info: Source file: <Chapters/GCR_SSN/rigidity_analysis.eps>
(epstopdf)                    date: 2018-11-07 15:24:45
(epstopdf)                    size: 28804 bytes
(epstopdf)             Output file: <Chapters/GCR_SSN/rigidity_analysis-eps-con
verted-to.pdf>
(epstopdf)                    date: 2020-05-11 16:26:03
(epstopdf)                    size: 19573 bytes
(epstopdf)             Command: <repstopdf --outfile=Chapters/GCR_SSN/rigidity_
analysis-eps-converted-to.pdf Chapters/GCR_SSN/rigidity_analysis.eps>
(epstopdf)             \includegraphics on input line 279.
Package epstopdf Info: Output file is already uptodate.


pdfTeX warning: /usr/bin/pdflatex (file ./Chapters/GCR_SSN/rigidity_analysis-ep
s-converted-to.pdf): PDF inclusion: found PDF version <1.7>, but at most versio
n <1.5> allowed
<Chapters/GCR_SSN/rigidity_analysis-eps-converted-to.pdf, id=882, 626.34pt x 33
2.24126pt>
File: Chapters/GCR_SSN/rigidity_analysis-eps-converted-to.pdf Graphic file (typ
e pdf)
<use Chapters/GCR_SSN/rigidity_analysis-eps-converted-to.pdf>
Package pdftex.def Info: Chapters/GCR_SSN/rigidity_analysis-eps-converted-to.pd
f  used on input line 279.
(pdftex.def)             Requested size: 426.79135pt x 226.3976pt.
[14 <./Chapters/GCR_SSN/rigidity_analysis-eps-converted-to.pdf>]
Overfull \hbox (1.1306pt too wide) in paragraph at lines 300--301
[]\OT1/cmr/m/n/12 For even cy-cles which dis-play nar-row hys-tere-sis loops, a
n un-weighted least squares
 []

[15]
Overfull \hbox (5.06232pt too wide) in paragraph at lines 327--337
 [] 
 []

[16]
Package epstopdf Info: Source file: <Chapters/GCR_SSN/linear_even.eps>
(epstopdf)                    date: 2018-11-06 17:16:09
(epstopdf)                    size: 56780 bytes
(epstopdf)             Output file: <Chapters/GCR_SSN/linear_even-eps-converted
-to.pdf>
(epstopdf)                    date: 2020-05-11 16:26:03
(epstopdf)                    size: 27340 bytes
(epstopdf)             Command: <repstopdf --outfile=Chapters/GCR_SSN/linear_ev
en-eps-converted-to.pdf Chapters/GCR_SSN/linear_even.eps>
(epstopdf)             \includegraphics on input line 344.
Package epstopdf Info: Output file is already uptodate.


pdfTeX warning: /usr/bin/pdflatex (file ./Chapters/GCR_SSN/linear_even-eps-conv
erted-to.pdf): PDF inclusion: found PDF version <1.7>, but at most version <1.5
> allowed
<Chapters/GCR_SSN/linear_even-eps-converted-to.pdf, id=971, 642.4pt x 380.42125
pt>
File: Chapters/GCR_SSN/linear_even-eps-converted-to.pdf Graphic file (type pdf)

<use Chapters/GCR_SSN/linear_even-eps-converted-to.pdf>
Package pdftex.def Info: Chapters/GCR_SSN/linear_even-eps-converted-to.pdf  use
d on input line 344.
(pdftex.def)             Requested size: 426.79135pt x 252.74475pt.
Package epstopdf Info: Source file: <Chapters/GCR_SSN/linear_odd.eps>
(epstopdf)                    date: 2018-11-06 16:40:38
(epstopdf)                    size: 55561 bytes
(epstopdf)             Output file: <Chapters/GCR_SSN/linear_odd-eps-converted-
to.pdf>
(epstopdf)                    date: 2020-05-11 16:26:03
(epstopdf)                    size: 26985 bytes
(epstopdf)             Command: <repstopdf --outfile=Chapters/GCR_SSN/linear_od
d-eps-converted-to.pdf Chapters/GCR_SSN/linear_odd.eps>
(epstopdf)             \includegraphics on input line 353.
Package epstopdf Info: Output file is already uptodate.


pdfTeX warning: /usr/bin/pdflatex (file ./Chapters/GCR_SSN/linear_odd-eps-conve
rted-to.pdf): PDF inclusion: found PDF version <1.7>, but at most version <1.5>
 allowed
<Chapters/GCR_SSN/linear_odd-eps-converted-to.pdf, id=973, 640.3925pt x 380.421
25pt>
File: Chapters/GCR_SSN/linear_odd-eps-converted-to.pdf Graphic file (type pdf)
<use Chapters/GCR_SSN/linear_odd-eps-converted-to.pdf>
Package pdftex.def Info: Chapters/GCR_SSN/linear_odd-eps-converted-to.pdf  used
 on input line 353.
(pdftex.def)             Requested size: 426.79135pt x 253.5342pt.
Package epstopdf Info: Source file: <Chapters/GCR_SSN/ellipse_odd.eps>
(epstopdf)                    date: 2018-11-06 16:42:59
(epstopdf)                    size: 65647 bytes
(epstopdf)             Output file: <Chapters/GCR_SSN/ellipse_odd-eps-converted
-to.pdf>
(epstopdf)                    date: 2020-05-11 16:26:03
(epstopdf)                    size: 30285 bytes
(epstopdf)             Command: <repstopdf --outfile=Chapters/GCR_SSN/ellipse_o
dd-eps-converted-to.pdf Chapters/GCR_SSN/ellipse_odd.eps>
(epstopdf)             \includegraphics on input line 362.
Package epstopdf Info: Output file is already uptodate.


pdfTeX warning: /usr/bin/pdflatex (file ./Chapters/GCR_SSN/ellipse_odd-eps-conv
erted-to.pdf): PDF inclusion: found PDF version <1.7>, but at most version <1.5
> allowed
<Chapters/GCR_SSN/ellipse_odd-eps-converted-to.pdf, id=977, 638.385pt x 380.421
25pt>
File: Chapters/GCR_SSN/ellipse_odd-eps-converted-to.pdf Graphic file (type pdf)

<use Chapters/GCR_SSN/ellipse_odd-eps-converted-to.pdf>
Package pdftex.def Info: Chapters/GCR_SSN/ellipse_odd-eps-converted-to.pdf  use
d on input line 362.
(pdftex.def)             Requested size: 426.79135pt x 254.32945pt.
[17 <./Chapters/GCR_SSN/linear_even-eps-converted-to.pdf>] [18 <./Chapters/GCR_
SSN/linear_odd-eps-converted-to.pdf>]
Package epstopdf Info: Source file: <Chapters/GCR_SSN/24.eps>
(epstopdf)                    date: 2018-11-06 17:16:16
(epstopdf)                    size: 54244 bytes
(epstopdf)             Output file: <Chapters/GCR_SSN/24-eps-converted-to.pdf>
(epstopdf)                    date: 2020-05-11 16:26:03
(epstopdf)                    size: 23639 bytes
(epstopdf)             Command: <repstopdf --outfile=Chapters/GCR_SSN/24-eps-co
nverted-to.pdf Chapters/GCR_SSN/24.eps>
(epstopdf)             \includegraphics on input line 390.
Package epstopdf Info: Output file is already uptodate.


pdfTeX warning: /usr/bin/pdflatex (file ./Chapters/GCR_SSN/24-eps-converted-to.
pdf): PDF inclusion: found PDF version <1.7>, but at most version <1.5> allowed

<Chapters/GCR_SSN/24-eps-converted-to.pdf, id=1100, 642.4pt x 380.42125pt>
File: Chapters/GCR_SSN/24-eps-converted-to.pdf Graphic file (type pdf)
<use Chapters/GCR_SSN/24-eps-converted-to.pdf>
Package pdftex.def Info: Chapters/GCR_SSN/24-eps-converted-to.pdf  used on inpu
t line 390.
(pdftex.def)             Requested size: 426.79135pt x 252.74475pt.
[19 <./Chapters/GCR_SSN/ellipse_odd-eps-converted-to.pdf>] [20 <./Chapters/GCR_
SSN/24-eps-converted-to.pdf>] [21]
<Chapters/GCR_SSN/HS_501_vs_SSN_c24.png, id=1228, 662.2341pt x 335.8146pt>
File: Chapters/GCR_SSN/HS_501_vs_SSN_c24.png Graphic file (type png)
<use Chapters/GCR_SSN/HS_501_vs_SSN_c24.png>
Package pdftex.def Info: Chapters/GCR_SSN/HS_501_vs_SSN_c24.png  used on input 
line 437.
(pdftex.def)             Requested size: 426.79135pt x 216.4271pt.
 [22 <./Chapters/GCR_SSN/HS_501_vs_SSN_c24.png>]
<Chapters/GCR_SSN/HS_501_voltages_c24.png, id=1240, 633.8079pt x 328.8285pt>
File: Chapters/GCR_SSN/HS_501_voltages_c24.png Graphic file (type png)
<use Chapters/GCR_SSN/HS_501_voltages_c24.png>
Package pdftex.def Info: Chapters/GCR_SSN/HS_501_voltages_c24.png  used on inpu
t line 449.
(pdftex.def)             Requested size: 426.79135pt x 221.43285pt.
 [23 <./Chapters/GCR_SSN/HS_501_voltages_c24.png>])
(./Chapters/SMMF/SMMF.tex [24]
Chapter 2.
Missing character: There is no Ã in font cmr12!
Missing character: There is no ­ in font cmr12!
[25

] [26] [27] [28]
Overfull \hbox (3.53336pt too wide) in paragraph at lines 36--37
\OT1/cmr/m/n/12 In this work an in-ves-ti-ga-tion of high-cadence (sub-minute) 
ob-ser-va-tions of the [][][]SMMF[][],
 []

[29] [30] [31]
Package epstopdf Info: Source file: <Chapters/SMMF/Fred_ratio_zoom.eps>
(epstopdf)                    date: 2019-09-03 14:12:22
(epstopdf)                    size: 22435 bytes
(epstopdf)             Output file: <Chapters/SMMF/Fred_ratio_zoom-eps-converte
d-to.pdf>
(epstopdf)                    date: 2020-04-22 16:17:18
(epstopdf)                    size: 11736 bytes
(epstopdf)             Command: <repstopdf --outfile=Chapters/SMMF/Fred_ratio_z
oom-eps-converted-to.pdf Chapters/SMMF/Fred_ratio_zoom.eps>
(epstopdf)             \includegraphics on input line 102.
Package epstopdf Info: Output file is already uptodate.


pdfTeX warning: /usr/bin/pdflatex (file ./Chapters/SMMF/Fred_ratio_zoom-eps-con
verted-to.pdf): PDF inclusion: found PDF version <1.7>, but at most version <1.
5> allowed
<Chapters/SMMF/Fred_ratio_zoom-eps-converted-to.pdf, id=1523, 650.43pt x 332.24
126pt>
File: Chapters/SMMF/Fred_ratio_zoom-eps-converted-to.pdf Graphic file (type pdf
)
<use Chapters/SMMF/Fred_ratio_zoom-eps-converted-to.pdf>
Package pdftex.def Info: Chapters/SMMF/Fred_ratio_zoom-eps-converted-to.pdf  us
ed on input line 102.
(pdftex.def)             Requested size: 426.79135pt x 218.0125pt.
[32] [33 <./Chapters/SMMF/Fred_ratio_zoom-eps-converted-to.pdf>]
<Chapters/SMMF/BiSON_full_TS.pdf, id=1577, 511.77448pt x 279.17174pt>
File: Chapters/SMMF/BiSON_full_TS.pdf Graphic file (type pdf)
<use Chapters/SMMF/BiSON_full_TS.pdf>
Package pdftex.def Info: Chapters/SMMF/BiSON_full_TS.pdf  used on input line 15
6.
(pdftex.def)             Requested size: 422.52577pt x 230.49416pt.
<Chapters/SMMF/BiSON_lin_mu_PSD.pdf, id=1578, 525.93675pt x 279.75203pt>
File: Chapters/SMMF/BiSON_lin_mu_PSD.pdf Graphic file (type pdf)
<use Chapters/SMMF/BiSON_lin_mu_PSD.pdf>
Package pdftex.def Info: Chapters/SMMF/BiSON_lin_mu_PSD.pdf  used on input line
 158.
(pdftex.def)             Requested size: 426.79135pt x 227.02475pt.
<Chapters/SMMF/BiSON_SMMF_FT_full.pdf, id=1589, 526.76799pt x 391.50266pt>
File: Chapters/SMMF/BiSON_SMMF_FT_full.pdf Graphic file (type pdf)
<use Chapters/SMMF/BiSON_SMMF_FT_full.pdf>
Package pdftex.def Info: Chapters/SMMF/BiSON_SMMF_FT_full.pdf  used on input li
ne 250.
(pdftex.def)             Requested size: 426.79135pt x 317.205pt.
 [34] [35 <./Chapters/SMMF/BiSON_full_TS.pdf> <./Chapters/SMMF/BiSON_lin_mu_PSD
.pdf

pdfTeX warning: /usr/bin/pdflatex (file ./Chapters/SMMF/BiSON_lin_mu_PSD.pdf): 
PDF inclusion: multiple pdfs with page group included in a single page
>] [36 <./Chapters/SMMF/BiSON_SMMF_FT_full.pdf>] [37] [38]
Missing character: There is no â in font cmr12!
Missing character: There is no € in font cmr12!
Missing character: There is no ™ in font cmr12!
 [39] [40] [41]
<Chapters/SMMF/sideband.pdf, id=1828, 525.93675pt x 285.0923pt>
File: Chapters/SMMF/sideband.pdf Graphic file (type pdf)
<use Chapters/SMMF/sideband.pdf>
Package pdftex.def Info: Chapters/SMMF/sideband.pdf  used on input line 396.
(pdftex.def)             Requested size: 426.79135pt x 231.3585pt.

[42 <./Chapters/SMMF/sideband.pdf>]
<Chapters/SMMF/gap_test.pdf, id=1883, 531.20645pt x 391.50266pt>
File: Chapters/SMMF/gap_test.pdf Graphic file (type pdf)
<use Chapters/SMMF/gap_test.pdf>
Package pdftex.def Info: Chapters/SMMF/gap_test.pdf  used on input line 420.
(pdftex.def)             Requested size: 426.79135pt x 314.55261pt.
 [43] [44 <./Chapters/SMMF/gap_test.pdf>]
[45] [46]
Overfull \hbox (8.27638pt too wide) in paragraph at lines 545--546
\OT1/cmr/m/n/12 equa-tion ([][]2.23[][]) with $\OML/cmm/m/it/12 N \OT1/cmr/m/n/
12 = 4$ peaks), for both the sym-met-ric and asym-met-ric Lorentzian
 []

[47]
<Chapters/SMMF/BiSON_PSD_model.pdf, id=1997, 533.79424pt x 390.0171pt>
File: Chapters/SMMF/BiSON_PSD_model.pdf Graphic file (type pdf)
<use Chapters/SMMF/BiSON_PSD_model.pdf>
Package pdftex.def Info: Chapters/SMMF/BiSON_PSD_model.pdf  used on input line 
651.
(pdftex.def)             Requested size: 426.79135pt x 311.8415pt.
 [48] [49 <./Chapters/SMMF/BiSON_PSD_model.pdf>] [50]
<Chapters/SMMF/WSO_PSD_model.pdf, id=2149, 524.76048pt x 396.52141pt>
File: Chapters/SMMF/WSO_PSD_model.pdf Graphic file (type pdf)
<use Chapters/SMMF/WSO_PSD_model.pdf>
Package pdftex.def Info: Chapters/SMMF/WSO_PSD_model.pdf  used on input line 80
0.
(pdftex.def)             Requested size: 200.59245pt x 151.5691pt.
<Chapters/SMMF/BiSON_24h_PSD_model.pdf, id=2150, 524.76048pt x 396.52141pt>
File: Chapters/SMMF/BiSON_24h_PSD_model.pdf Graphic file (type pdf)
<use Chapters/SMMF/BiSON_24h_PSD_model.pdf>
Package pdftex.def Info: Chapters/SMMF/BiSON_24h_PSD_model.pdf  used on input l
ine 802.
(pdftex.def)             Requested size: 200.59245pt x 151.5691pt.
 [51] [52 <./Chapters/SMMF/WSO_PSD_model.pdf> <./Chapters/SMMF/BiSON_24h_PSD_mo
del.pdf

pdfTeX warning: /usr/bin/pdflatex (file ./Chapters/SMMF/BiSON_24h_PSD_model.pdf
): PDF inclusion: multiple pdfs with page group included in a single page
>]
<Chapters/SMMF/BiSON_24h_vs_40s.pdf, id=2263, 927.86653pt x 499.1448pt>
File: Chapters/SMMF/BiSON_24h_vs_40s.pdf Graphic file (type pdf)
<use Chapters/SMMF/BiSON_24h_vs_40s.pdf>
Package pdftex.def Info: Chapters/SMMF/BiSON_24h_vs_40s.pdf  used on input line
 811.
(pdftex.def)             Requested size: 362.77525pt x 195.15314pt.
 [53 <./Chapters/SMMF/BiSON_24h_vs_40s.pdf>] [54] [55] [56]
<Chapters/SMMF/weighted_shifted_peak.pdf, id=2410, 541.84776pt x 509.24442pt>
File: Chapters/SMMF/weighted_shifted_peak.pdf Graphic file (type pdf)
<use Chapters/SMMF/weighted_shifted_peak.pdf>
Package pdftex.def Info: Chapters/SMMF/weighted_shifted_peak.pdf  used on input
 line 923.
(pdftex.def)             Requested size: 200.59245pt x 188.5185pt.
<Chapters/SMMF/chaplin_shifted_peak.pdf, id=2411, 541.84776pt x 509.24442pt>
File: Chapters/SMMF/chaplin_shifted_peak.pdf Graphic file (type pdf)
<use Chapters/SMMF/chaplin_shifted_peak.pdf>
Package pdftex.def Info: Chapters/SMMF/chaplin_shifted_peak.pdf  used on input 
line 925.
(pdftex.def)             Requested size: 200.59245pt x 188.5185pt.
 [57 <./Chapters/SMMF/weighted_shifted_peak.pdf> <./Chapters/SMMF/chaplin_shift
ed_peak.pdf

pdfTeX warning: /usr/bin/pdflatex (file ./Chapters/SMMF/chaplin_shifted_peak.pd
f): PDF inclusion: multiple pdfs with page group included in a single page
>]

LaTeX Warning: Reference `chap:rmode' on page 58 undefined on input line 944.

[58]
<Chapters/SMMF/HMI_MF_vs_synoptic_2011_rescaled.png, id=2539, 163.5711pt x 121.
4136pt>
File: Chapters/SMMF/HMI_MF_vs_synoptic_2011_rescaled.png Graphic file (type png
)
<use Chapters/SMMF/HMI_MF_vs_synoptic_2011_rescaled.png>
Package pdftex.def Info: Chapters/SMMF/HMI_MF_vs_synoptic_2011_rescaled.png  us
ed on input line 1016.
(pdftex.def)             Requested size: 200.59245pt x 148.90062pt.
<Chapters/SMMF/HMI_MF_vs_synoptic_2014_rescaled.png, id=2540, 163.5711pt x 121.
4136pt>
File: Chapters/SMMF/HMI_MF_vs_synoptic_2014_rescaled.png Graphic file (type png
)
<use Chapters/SMMF/HMI_MF_vs_synoptic_2014_rescaled.png>
Package pdftex.def Info: Chapters/SMMF/HMI_MF_vs_synoptic_2014_rescaled.png  us
ed on input line 1018.
(pdftex.def)             Requested size: 200.59245pt x 148.90062pt.
 [59 <./Chapters/SMMF/HMI_MF_vs_synoptic_2011_rescaled.png> <./Chapters/SMMF/HM
I_MF_vs_synoptic_2014_rescaled.png>] [60] [61] [62]) [63] (./thesis.bbl
Missing character: There is no Ã in font cmr10!
Missing character: There is no © in font cmr10!
Missing character: There is no Ã in font cmr10!
Missing character: There is no © in font cmr10!
Missing character: There is no Ã in font cmr10!
Missing character: There is no ƒ in font cmr10!
Missing character: There is no Â in font cmr10!
Missing character: There is no © in font cmr10!
Missing character: There is no Ã in font cmr10!
Missing character: There is no ƒ in font cmr10!
Missing character: There is no Â in font cmr10!
Missing character: There is no © in font cmr10!
Missing character: There is no Ã in font cmr10!
Missing character: There is no ƒ in font cmr10!
Missing character: There is no Â in font cmr10!
Missing character: There is no ¡ in font cmr10!

[64


]
Missing character: There is no Ã in font cmr10!
Missing character: There is no ­ in font cmr10!
 [65] [66]
Missing character: There is no Ã in font cmr10!
Missing character: There is no £ in font cmr10!

Underfull \hbox (badness 1448) in paragraph at lines 378--382
[]\OT1/cmr/m/n/10.95 Wilson P. R., 1994, So-lar and Stel-lar Ac-tiv-ity Cy-cles
. Cam-bridge As-tro-physics,
 []


Underfull \hbox (badness 10000) in paragraph at lines 378--382
\OT1/cmr/m/n/10.95 Cam-bridge Uni-ver-sity Press, Cam-bridge, [][]doi:10.1017/C
BO9780511564833[][],
 []


Underfull \hbox (badness 10000) in paragraph at lines 378--382
[][]$\OT1/cmtt/m/n/10.95 https : / / www . cambridge . org / core / books / sol
ar-[]and-[]stellar-[]activity-[]cycles /
 []

)
Package atveryend Info: Empty hook `BeforeClearDocument' on input line 210.
 [67]
Package atveryend Info: Empty hook `AfterLastShipout' on input line 210.
 (./thesis.aux)
Package atveryend Info: Executing hook `AtVeryEndDocument' on input line 210.
Package atveryend Info: Executing hook `AtEndAfterFileList' on input line 210.
Package rerunfilecheck Info: File `thesis.out' has not changed.
(rerunfilecheck)             Checksum: 155023D5472240BEDEB357CBFF0B696A;2430.


LaTeX Warning: There were undefined references.


LaTeX Warning: Label(s) may have changed. Rerun to get cross-references right.

Package atveryend Info: Empty hook `AtVeryVeryEnd' on input line 210.
 ) 
Here is how much of TeX's memory you used:
 17024 strings out of 494923
 257674 string characters out of 6180742
 430046 words of memory out of 5000000
 19734 multiletter control sequences out of 15000+600000
 19313 words of font info for 71 fonts, out of 8000000 for 9000
 14 hyphenation exceptions out of 8191
 45i,15n,87p,1971b,642s stack positions out of 5000i,500n,10000p,200000b,80000s
</usr/share/texlive/texmf-dist/fonts/type1/public/amsfonts/cm/cmbx12.pfb></us
r/share/texlive/texmf-dist/fonts/type1/public/amsfonts/cm/cmex10.pfb></usr/shar
e/texlive/texmf-dist/fonts/type1/public/amsfonts/cm/cmmi10.pfb></usr/share/texl
ive/texmf-dist/fonts/type1/public/amsfonts/cm/cmmi12.pfb></usr/share/texlive/te
xmf-dist/fonts/type1/public/amsfonts/cm/cmmi5.pfb></usr/share/texlive/texmf-dis
t/fonts/type1/public/amsfonts/cm/cmmi6.pfb></usr/share/texlive/texmf-dist/fonts
/type1/public/amsfonts/cm/cmmi8.pfb></usr/share/texlive/texmf-dist/fonts/type1/
public/amsfonts/cm/cmr10.pfb></usr/share/texlive/texmf-dist/fonts/type1/public/
amsfonts/cm/cmr12.pfb></usr/share/texlive/texmf-dist/fonts/type1/public/amsfont
s/cm/cmr17.pfb></usr/share/texlive/texmf-dist/fonts/type1/public/amsfonts/cm/cm
r6.pfb></usr/share/texlive/texmf-dist/fonts/type1/public/amsfonts/cm/cmr8.pfb><
/usr/share/texlive/texmf-dist/fonts/type1/public/amsfonts/cm/cmsy10.pfb></usr/s
hare/texlive/texmf-dist/fonts/type1/public/amsfonts/cm/cmsy8.pfb></usr/share/te
xlive/texmf-dist/fonts/type1/public/amsfonts/cm/cmti12.pfb></usr/share/texlive/
texmf-dist/fonts/type1/public/amsfonts/cm/cmtt10.pfb></usr/share/texlive/texmf-
dist/fonts/type1/public/amsfonts/cm/cmtt12.pfb></usr/share/texlive/texmf-dist/f
onts/type1/public/amsfonts/euler/eurm10.pfb>
Output written on thesis.pdf (76 pages, 2335519 bytes).
PDF statistics:
 2869 PDF objects out of 2984 (max. 8388607)
 1915 compressed objects within 20 object streams
 288 named destinations out of 1000 (max. 500000)
 408 words of extra memory for PDF output out of 10000 (max. 10000000)

